{"level":"INFO","time":"2021-10-07T19:32:12.231+0800","caller":"inventoryServer/main.go:82","msg":"注销成功"}
{"level":"ERROR","time":"2021-10-07T21:15:13.992+0800","caller":"handler/inventory.go:37","msg":"inventory.GetGoodsInventory mysql.DB.Get failed","error":"missing destination name id in *models.InventoryInfo"}
{"level":"INFO","time":"2021-10-07T21:17:05.822+0800","caller":"inventoryServer/main.go:82","msg":"注销成功"}
{"level":"ERROR","time":"2021-10-07T21:25:45.507+0800","caller":"handler/inventory.go:86","msg":"inventory.Sell mysql.DB.Exec failed","error":"Error 1054: Unknown column 'inventory' in 'field list'"}
{"level":"ERROR","time":"2021-10-07T21:26:13.542+0800","caller":"handler/inventory.go:86","msg":"inventory.Sell mysql.DB.Exec failed","error":"Error 1054: Unknown column 'inventory' in 'field list'"}
{"level":"INFO","time":"2021-10-07T21:26:57.312+0800","caller":"inventoryServer/main.go:82","msg":"注销成功"}
{"level":"ERROR","time":"2021-10-07T21:27:14.024+0800","caller":"handler/inventory.go:86","msg":"inventory.Sell mysql.DB.Exec failed","error":"sql: expected 2 arguments, got 1"}
{"level":"INFO","time":"2021-10-07T21:27:42.746+0800","caller":"inventoryServer/main.go:82","msg":"注销成功"}
{"level":"INFO","time":"2021-10-07T21:30:54.856+0800","caller":"inventoryServer/main.go:82","msg":"注销成功"}
{"level":"INFO","time":"2021-10-07T21:33:19.511+0800","caller":"inventoryServer/main.go:82","msg":"注销成功"}
{"level":"INFO","time":"2021-10-07T21:35:58.702+0800","caller":"inventoryServer/main.go:82","msg":"注销成功"}
{"level":"INFO","time":"2021-10-07T21:40:49.725+0800","caller":"inventoryServer/main.go:82","msg":"注销成功"}
{"level":"INFO","time":"2021-10-07T21:41:06.948+0800","caller":"inventoryServer/main.go:82","msg":"注销成功"}
{"level":"INFO","time":"2021-10-07T21:44:09.473+0800","caller":"inventoryServer/main.go:82","msg":"注销成功"}
{"level":"INFO","time":"2021-10-07T21:51:13.019+0800","caller":"inventoryServer/main.go:82","msg":"注销成功"}
{"level":"ERROR","time":"2021-10-09T21:03:37.059+0800","caller":"inventoryServer/main.go:44","msg":"Main mysql.Init failed"}
{"level":"WARN","time":"2021-10-09T22:57:07.839+0800","caller":"handler/inventory.go:64","msg":"inventoryServer.handler ReBack commit"}
{"level":"WARN","time":"2021-10-09T23:08:45.360+0800","caller":"handler/inventory.go:64","msg":"inventoryServer.handler ReBack commit"}
{"level":"WARN","time":"2021-10-09T23:16:43.062+0800","caller":"handler/inventory.go:64","msg":"inventoryServer.handler ReBack commit"}
{"level":"WARN","time":"2021-10-09T23:19:19.504+0800","caller":"handler/inventory.go:64","msg":"inventoryServer.handler ReBack commit"}
{"level":"WARN","time":"2021-10-09T23:20:31.721+0800","caller":"handler/inventory.go:64","msg":"inventoryServer.handler ReBack commit"}
{"level":"WARN","time":"2021-10-09T23:20:59.249+0800","caller":"handler/inventory.go:64","msg":"inventoryServer.handler ReBack commit"}
{"level":"WARN","time":"2021-10-09T23:24:43.256+0800","caller":"handler/inventory.go:64","msg":"inventoryServer.handler ReBack commit"}
{"level":"ERROR","time":"2021-10-09T23:35:51.545+0800","caller":"handler/inventory.go:60","msg":"inventoryServer.handler Sell rollback","error":"库存不够,请联系商家补充"}
{"level":"WARN","time":"2021-10-09T23:42:30.590+0800","caller":"handler/inventory.go:64","msg":"inventoryServer.handler ReBack commit"}
{"level":"INFO","time":"2021-10-09T23:43:55.096+0800","caller":"inventoryServer/main.go:82","msg":"注销成功"}
{"level":"ERROR","time":"2021-10-10T00:10:01.199+0800","caller":"handler/inventory.go:60","msg":"inventoryServer.handler Sell rollback","error":"没有这个商品"}
{"level":"WARN","time":"2021-10-10T00:11:21.283+0800","caller":"handler/inventory.go:64","msg":"inventoryServer.handler ReBack commit"}
{"level":"WARN","time":"2021-10-10T00:13:02.647+0800","caller":"handler/inventory.go:64","msg":"inventoryServer.handler ReBack commit"}
{"level":"WARN","time":"2021-10-10T00:13:59.776+0800","caller":"handler/inventory.go:64","msg":"inventoryServer.handler ReBack commit"}
{"level":"WARN","time":"2021-10-10T00:16:03.701+0800","caller":"handler/inventory.go:64","msg":"inventoryServer.handler ReBack commit"}
{"level":"WARN","time":"2021-10-10T00:17:15.208+0800","caller":"handler/inventory.go:64","msg":"inventoryServer.handler ReBack commit"}
{"level":"WARN","time":"2021-10-10T00:17:47.271+0800","caller":"handler/inventory.go:64","msg":"inventoryServer.handler ReBack commit"}
{"level":"WARN","time":"2021-10-10T00:22:47.118+0800","caller":"handler/inventory.go:64","msg":"inventoryServer.handler ReBack commit"}
{"level":"WARN","time":"2021-10-10T00:23:44.798+0800","caller":"handler/inventory.go:64","msg":"inventoryServer.handler ReBack commit"}
{"level":"WARN","time":"2021-10-10T00:24:39.769+0800","caller":"handler/inventory.go:64","msg":"inventoryServer.handler ReBack commit"}
{"level":"WARN","time":"2021-10-10T00:26:58.079+0800","caller":"handler/inventory.go:64","msg":"inventoryServer.handler ReBack commit"}
{"level":"WARN","time":"2021-10-10T00:28:33.123+0800","caller":"handler/inventory.go:64","msg":"inventoryServer.handler ReBack commit"}
{"level":"WARN","time":"2021-10-10T00:30:09.672+0800","caller":"handler/inventory.go:64","msg":"inventoryServer.handler ReBack commit"}
{"level":"WARN","time":"2021-10-10T00:32:02.135+0800","caller":"handler/inventory.go:64","msg":"inventoryServer.handler ReBack commit"}
{"level":"WARN","time":"2021-10-10T00:33:17.561+0800","caller":"handler/inventory.go:64","msg":"inventoryServer.handler ReBack commit"}
{"level":"WARN","time":"2021-10-10T00:35:38.447+0800","caller":"handler/inventory.go:64","msg":"inventoryServer.handler ReBack commit"}
{"level":"WARN","time":"2021-10-10T00:36:37.053+0800","caller":"handler/inventory.go:64","msg":"inventoryServer.handler ReBack commit"}
{"level":"WARN","time":"2021-10-10T00:38:11.605+0800","caller":"handler/inventory.go:64","msg":"inventoryServer.handler ReBack commit"}
{"level":"WARN","time":"2021-10-10T00:39:24.413+0800","caller":"handler/inventory.go:64","msg":"inventoryServer.handler ReBack commit"}
{"level":"WARN","time":"2021-10-10T00:41:10.027+0800","caller":"handler/inventory.go:64","msg":"inventoryServer.handler ReBack commit"}
{"level":"WARN","time":"2021-10-10T00:41:40.409+0800","caller":"handler/inventory.go:64","msg":"inventoryServer.handler ReBack commit"}
{"level":"WARN","time":"2021-10-10T00:42:29.080+0800","caller":"handler/inventory.go:64","msg":"inventoryServer.handler ReBack commit"}
{"level":"WARN","time":"2021-10-10T00:45:06.683+0800","caller":"handler/inventory.go:64","msg":"inventoryServer.handler ReBack commit"}
{"level":"WARN","time":"2021-10-10T00:45:46.600+0800","caller":"handler/inventory.go:64","msg":"inventoryServer.handler ReBack commit"}
{"level":"WARN","time":"2021-10-10T00:46:54.618+0800","caller":"handler/inventory.go:64","msg":"inventoryServer.handler ReBack commit"}
{"level":"WARN","time":"2021-10-10T00:48:12.116+0800","caller":"handler/inventory.go:64","msg":"inventoryServer.handler ReBack commit"}
{"level":"WARN","time":"2021-10-10T00:49:58.880+0800","caller":"handler/inventory.go:64","msg":"inventoryServer.handler ReBack commit"}
{"level":"INFO","time":"2021-10-10T00:50:10.570+0800","caller":"inventoryServer/main.go:82","msg":"注销成功"}
{"level":"WARN","time":"2021-10-10T17:02:52.601+0800","caller":"handler/inventory.go:64","msg":"inventoryServer.handler ReBack commit"}
{"level":"INFO","time":"2021-10-10T17:10:18.841+0800","caller":"inventoryServer/main.go:82","msg":"注销成功"}
{"level":"WARN","time":"2021-10-14T17:12:12.440+0800","caller":"handler/inventory.go:64","msg":"inventoryServer.handler ReBack commit"}
{"level":"WARN","time":"2021-10-14T17:20:31.281+0800","caller":"handler/inventory.go:64","msg":"inventoryServer.handler ReBack commit"}
{"level":"WARN","time":"2021-10-14T17:24:14.904+0800","caller":"handler/inventory.go:64","msg":"inventoryServer.handler ReBack commit"}
{"level":"WARN","time":"2021-10-14T17:26:47.298+0800","caller":"handler/inventory.go:64","msg":"inventoryServer.handler ReBack commit"}
{"level":"WARN","time":"2021-10-14T18:27:19.947+0800","caller":"handler/inventory.go:64","msg":"inventoryServer.handler ReBack commit"}
{"level":"WARN","time":"2021-10-14T18:32:57.412+0800","caller":"handler/inventory.go:64","msg":"inventoryServer.handler ReBack commit"}
{"level":"WARN","time":"2021-10-14T18:33:46.218+0800","caller":"handler/inventory.go:64","msg":"inventoryServer.handler ReBack commit"}
{"level":"WARN","time":"2021-10-14T18:36:13.812+0800","caller":"handler/inventory.go:64","msg":"inventoryServer.handler ReBack commit"}
{"level":"WARN","time":"2021-10-14T18:39:14.160+0800","caller":"handler/inventory.go:64","msg":"inventoryServer.handler ReBack commit"}
{"level":"WARN","time":"2021-10-14T18:43:02.554+0800","caller":"handler/inventory.go:64","msg":"inventoryServer.handler ReBack commit"}
{"level":"WARN","time":"2021-10-14T18:46:45.816+0800","caller":"handler/inventory.go:64","msg":"inventoryServer.handler ReBack commit"}
{"level":"WARN","time":"2021-10-14T18:49:37.911+0800","caller":"handler/inventory.go:64","msg":"inventoryServer.handler ReBack commit"}
{"level":"WARN","time":"2021-10-14T18:50:27.850+0800","caller":"handler/inventory.go:64","msg":"inventoryServer.handler ReBack commit"}
{"level":"WARN","time":"2021-10-14T18:53:04.651+0800","caller":"handler/inventory.go:64","msg":"inventoryServer.handler ReBack commit"}
{"level":"WARN","time":"2021-10-14T18:54:18.207+0800","caller":"handler/inventory.go:64","msg":"inventoryServer.handler ReBack commit"}
{"level":"WARN","time":"2021-10-14T18:56:25.429+0800","caller":"handler/inventory.go:64","msg":"inventoryServer.handler ReBack commit"}
{"level":"WARN","time":"2021-10-14T19:03:56.785+0800","caller":"handler/inventory.go:64","msg":"inventoryServer.handler ReBack commit"}
{"level":"WARN","time":"2021-10-14T19:24:28.249+0800","caller":"handler/inventory.go:64","msg":"inventoryServer.handler ReBack commit"}
{"level":"WARN","time":"2021-10-14T19:25:48.540+0800","caller":"handler/inventory.go:64","msg":"inventoryServer.handler ReBack commit"}
{"level":"WARN","time":"2021-10-14T19:41:04.922+0800","caller":"handler/inventory.go:64","msg":"inventoryServer.handler ReBack commit"}
{"level":"WARN","time":"2021-10-14T20:17:23.956+0800","caller":"handler/inventory.go:64","msg":"inventoryServer.handler ReBack commit"}
{"level":"WARN","time":"2021-10-14T20:18:27.302+0800","caller":"handler/inventory.go:64","msg":"inventoryServer.handler ReBack commit"}
{"level":"INFO","time":"2021-10-14T22:15:52.165+0800","caller":"inventoryServer/main.go:82","msg":"注销成功"}
{"level":"INFO","time":"2021-10-15T19:28:49.458+0800","caller":"inventoryServer/main.go:82","msg":"注销成功"}
{"level":"INFO","time":"2021-10-15T22:33:29.633+0800","caller":"inventoryServer/main.go:82","msg":"注销成功"}
{"level":"INFO","time":"2021-10-15T23:36:31.280+0800","caller":"inventoryServer/main.go:82","msg":"注销成功"}
{"level":"INFO","time":"2021-10-16T00:14:42.480+0800","caller":"inventoryServer/main.go:82","msg":"注销成功"}
{"level":"INFO","time":"2021-10-16T00:30:44.565+0800","caller":"inventoryServer/main.go:82","msg":"注销成功"}
{"level":"INFO","time":"2021-10-16T12:45:23.179+0800","caller":"inventoryServer/main.go:82","msg":"注销成功"}
{"level":"INFO","time":"2021-10-16T23:08:41.985+0800","caller":"inventoryServer/main.go:86","msg":"注销成功"}
{"level":"INFO","time":"2021-10-18T09:03:56.603+0800","caller":"inventoryServer/main.go:86","msg":"注销成功"}
{"level":"INFO","time":"2021-10-18T12:46:35.082+0800","caller":"inventoryServer/main.go:86","msg":"注销成功"}
{"level":"INFO","time":"2021-10-18T20:57:52.682+0800","caller":"inventoryServer/main.go:86","msg":"注销成功"}
{"level":"INFO","time":"2021-10-18T21:08:55.391+0800","caller":"inventoryServer/main.go:86","msg":"注销成功"}
{"level":"INFO","time":"2021-10-18T22:09:01.617+0800","caller":"inventoryServer/main.go:107","msg":"注销成功"}
{"level":"ERROR","time":"2021-10-18T22:18:18.193+0800","caller":"inventoryServer/main.go:99","msg":"Main  c.Start failed"}
{"level":"WARN","time":"2021-10-18T22:25:35.996+0800","caller":"handler/inventory.go:67","msg":"inventoryServer.handler ReBack commit"}
{"level":"ERROR","time":"2021-10-18T22:25:55.417+0800","caller":"handler/inventory.go:75","msg":"inventory handler Shell mysql.DB.Exec","error":"Error 1062: Duplicate entry '' for key 'inx_orders_num'"}
{"level":"WARN","time":"2021-10-18T22:25:55.429+0800","caller":"handler/inventory.go:67","msg":"inventoryServer.handler ReBack commit"}
{"level":"WARN","time":"2021-10-18T22:38:03.612+0800","caller":"handler/inventory.go:67","msg":"inventoryServer.handler ReBack commit"}
{"level":"WARN","time":"2021-10-18T22:39:00.887+0800","caller":"handler/inventory.go:67","msg":"inventoryServer.handler ReBack commit"}
{"level":"INFO","time":"2021-10-18T22:40:23.745+0800","caller":"inventoryServer/main.go:109","msg":"注销成功"}
{"level":"ERROR","time":"2021-10-18T22:40:30.569+0800","caller":"handler/inventory.go:229","msg":"inventory.AutoBack mysql.DB.Get failed","error":"missing destination name id in *models.SellInfo"}
{"level":"WARN","time":"2021-10-18T22:40:30.580+0800","caller":"handler/inventory.go:206","msg":"inventoryServer.handler ReBack commit"}
{"level":"WARN","time":"2021-10-18T22:40:36.543+0800","caller":"handler/inventory.go:67","msg":"inventoryServer.handler ReBack commit"}
{"level":"ERROR","time":"2021-10-18T22:40:36.654+0800","caller":"handler/inventory.go:229","msg":"inventory.AutoBack mysql.DB.Get failed","error":"missing destination name id in *models.SellInfo"}
{"level":"WARN","time":"2021-10-18T22:40:36.666+0800","caller":"handler/inventory.go:206","msg":"inventoryServer.handler ReBack commit"}
{"level":"ERROR","time":"2021-10-18T22:41:10.469+0800","caller":"handler/inventory.go:229","msg":"inventory.AutoBack mysql.DB.Get failed","error":"missing destination name id in *models.SellInfo"}
{"level":"WARN","time":"2021-10-18T22:41:10.479+0800","caller":"handler/inventory.go:206","msg":"inventoryServer.handler ReBack commit"}
{"level":"ERROR","time":"2021-10-18T22:41:40.530+0800","caller":"handler/inventory.go:229","msg":"inventory.AutoBack mysql.DB.Get failed","error":"missing destination name id in *models.SellInfo"}
{"level":"WARN","time":"2021-10-18T22:41:40.540+0800","caller":"handler/inventory.go:206","msg":"inventoryServer.handler ReBack commit"}
{"level":"ERROR","time":"2021-10-18T22:41:40.556+0800","caller":"handler/inventory.go:229","msg":"inventory.AutoBack mysql.DB.Get failed","error":"missing destination name id in *models.SellInfo"}
{"level":"WARN","time":"2021-10-18T22:41:40.566+0800","caller":"handler/inventory.go:206","msg":"inventoryServer.handler ReBack commit"}
{"level":"ERROR","time":"2021-10-18T22:41:40.581+0800","caller":"handler/inventory.go:229","msg":"inventory.AutoBack mysql.DB.Get failed","error":"missing destination name id in *models.SellInfo"}
{"level":"WARN","time":"2021-10-18T22:41:40.600+0800","caller":"handler/inventory.go:206","msg":"inventoryServer.handler ReBack commit"}
{"level":"ERROR","time":"2021-10-18T22:41:40.683+0800","caller":"handler/inventory.go:229","msg":"inventory.AutoBack mysql.DB.Get failed","error":"missing destination name id in *models.SellInfo"}
{"level":"WARN","time":"2021-10-18T22:41:40.692+0800","caller":"handler/inventory.go:206","msg":"inventoryServer.handler ReBack commit"}
{"level":"ERROR","time":"2021-10-18T22:42:40.599+0800","caller":"handler/inventory.go:229","msg":"inventory.AutoBack mysql.DB.Get failed","error":"missing destination name id in *models.SellInfo"}
{"level":"WARN","time":"2021-10-18T22:42:40.611+0800","caller":"handler/inventory.go:206","msg":"inventoryServer.handler ReBack commit"}
{"level":"ERROR","time":"2021-10-18T22:42:40.624+0800","caller":"handler/inventory.go:229","msg":"inventory.AutoBack mysql.DB.Get failed","error":"missing destination name id in *models.SellInfo"}
{"level":"WARN","time":"2021-10-18T22:42:40.650+0800","caller":"handler/inventory.go:206","msg":"inventoryServer.handler ReBack commit"}
{"level":"ERROR","time":"2021-10-18T22:42:40.679+0800","caller":"handler/inventory.go:229","msg":"inventory.AutoBack mysql.DB.Get failed","error":"missing destination name id in *models.SellInfo"}
{"level":"WARN","time":"2021-10-18T22:42:40.696+0800","caller":"handler/inventory.go:206","msg":"inventoryServer.handler ReBack commit"}
{"level":"ERROR","time":"2021-10-18T22:42:40.746+0800","caller":"handler/inventory.go:229","msg":"inventory.AutoBack mysql.DB.Get failed","error":"missing destination name id in *models.SellInfo"}
{"level":"WARN","time":"2021-10-18T22:42:40.758+0800","caller":"handler/inventory.go:206","msg":"inventoryServer.handler ReBack commit"}
{"level":"WARN","time":"2021-10-18T22:43:41.035+0800","caller":"handler/inventory.go:67","msg":"inventoryServer.handler ReBack commit"}
{"level":"ERROR","time":"2021-10-18T22:43:41.168+0800","caller":"handler/inventory.go:229","msg":"inventory.AutoBack mysql.DB.Get failed","error":"missing destination name id in *models.SellInfo"}
{"level":"WARN","time":"2021-10-18T22:43:41.179+0800","caller":"handler/inventory.go:206","msg":"inventoryServer.handler ReBack commit"}
{"level":"ERROR","time":"2021-10-18T22:43:51.245+0800","caller":"handler/inventory.go:229","msg":"inventory.AutoBack mysql.DB.Get failed","error":"missing destination name id in *models.SellInfo"}
{"level":"WARN","time":"2021-10-18T22:43:51.257+0800","caller":"handler/inventory.go:206","msg":"inventoryServer.handler ReBack commit"}
{"level":"ERROR","time":"2021-10-18T22:44:21.310+0800","caller":"handler/inventory.go:229","msg":"inventory.AutoBack mysql.DB.Get failed","error":"missing destination name id in *models.SellInfo"}
{"level":"WARN","time":"2021-10-18T22:44:21.322+0800","caller":"handler/inventory.go:206","msg":"inventoryServer.handler ReBack commit"}
{"level":"ERROR","time":"2021-10-18T22:44:40.663+0800","caller":"handler/inventory.go:229","msg":"inventory.AutoBack mysql.DB.Get failed","error":"missing destination name id in *models.SellInfo"}
{"level":"WARN","time":"2021-10-18T22:44:40.675+0800","caller":"handler/inventory.go:206","msg":"inventoryServer.handler ReBack commit"}
{"level":"ERROR","time":"2021-10-18T22:44:40.716+0800","caller":"handler/inventory.go:229","msg":"inventory.AutoBack mysql.DB.Get failed","error":"missing destination name id in *models.SellInfo"}
{"level":"WARN","time":"2021-10-18T22:44:40.727+0800","caller":"handler/inventory.go:206","msg":"inventoryServer.handler ReBack commit"}
{"level":"ERROR","time":"2021-10-18T22:44:40.752+0800","caller":"handler/inventory.go:229","msg":"inventory.AutoBack mysql.DB.Get failed","error":"missing destination name id in *models.SellInfo"}
{"level":"WARN","time":"2021-10-18T22:44:40.764+0800","caller":"handler/inventory.go:206","msg":"inventoryServer.handler ReBack commit"}
{"level":"ERROR","time":"2021-10-18T22:44:40.817+0800","caller":"handler/inventory.go:229","msg":"inventory.AutoBack mysql.DB.Get failed","error":"missing destination name id in *models.SellInfo"}
{"level":"WARN","time":"2021-10-18T22:44:40.829+0800","caller":"handler/inventory.go:206","msg":"inventoryServer.handler ReBack commit"}
{"level":"ERROR","time":"2021-10-18T22:45:21.372+0800","caller":"handler/inventory.go:229","msg":"inventory.AutoBack mysql.DB.Get failed","error":"missing destination name id in *models.SellInfo"}
{"level":"WARN","time":"2021-10-18T22:45:21.386+0800","caller":"handler/inventory.go:206","msg":"inventoryServer.handler ReBack commit"}
{"level":"INFO","time":"2021-10-18T22:45:32.825+0800","caller":"inventoryServer/main.go:109","msg":"注销成功"}
{"level":"WARN","time":"2021-10-18T22:46:03.195+0800","caller":"handler/inventory.go:67","msg":"inventoryServer.handler ReBack commit"}
{"level":"ERROR","time":"2021-10-18T22:46:03.308+0800","caller":"handler/inventory.go:229","msg":"inventory.AutoBack mysql.DB.Get failed","error":"missing destination name id in *models.SellInfo"}
{"level":"WARN","time":"2021-10-18T22:46:03.322+0800","caller":"handler/inventory.go:206","msg":"inventoryServer.handler ReBack commit"}
{"level":"ERROR","time":"2021-10-18T22:46:13.372+0800","caller":"handler/inventory.go:229","msg":"inventory.AutoBack mysql.DB.Get failed","error":"missing destination name id in *models.SellInfo"}
{"level":"WARN","time":"2021-10-18T22:46:13.381+0800","caller":"handler/inventory.go:206","msg":"inventoryServer.handler ReBack commit"}
{"level":"ERROR","time":"2021-10-18T22:46:43.441+0800","caller":"handler/inventory.go:229","msg":"inventory.AutoBack mysql.DB.Get failed","error":"missing destination name id in *models.SellInfo"}
{"level":"WARN","time":"2021-10-18T22:46:43.454+0800","caller":"handler/inventory.go:206","msg":"inventoryServer.handler ReBack commit"}
{"level":"INFO","time":"2021-10-18T22:47:09.126+0800","caller":"inventoryServer/main.go:109","msg":"注销成功"}
{"level":"ERROR","time":"2021-10-18T22:47:21.440+0800","caller":"handler/inventory.go:229","msg":"inventory.AutoBack mysql.DB.Get failed","error":"missing destination name id in *models.SellInfo"}
{"level":"WARN","time":"2021-10-18T22:47:21.454+0800","caller":"handler/inventory.go:206","msg":"inventoryServer.handler ReBack commit"}
{"level":"WARN","time":"2021-10-18T22:47:24.254+0800","caller":"handler/inventory.go:67","msg":"inventoryServer.handler ReBack commit"}
{"level":"ERROR","time":"2021-10-18T22:47:24.383+0800","caller":"handler/inventory.go:229","msg":"inventory.AutoBack mysql.DB.Get failed","error":"missing destination name id in *models.SellInfo"}
{"level":"WARN","time":"2021-10-18T22:47:24.401+0800","caller":"handler/inventory.go:206","msg":"inventoryServer.handler ReBack commit"}
{"level":"ERROR","time":"2021-10-18T22:47:34.457+0800","caller":"handler/inventory.go:229","msg":"inventory.AutoBack mysql.DB.Get failed","error":"missing destination name id in *models.SellInfo"}
{"level":"WARN","time":"2021-10-18T22:47:34.470+0800","caller":"handler/inventory.go:206","msg":"inventoryServer.handler ReBack commit"}
{"level":"ERROR","time":"2021-10-18T22:47:40.736+0800","caller":"handler/inventory.go:229","msg":"inventory.AutoBack mysql.DB.Get failed","error":"missing destination name id in *models.SellInfo"}
{"level":"WARN","time":"2021-10-18T22:47:40.754+0800","caller":"handler/inventory.go:206","msg":"inventoryServer.handler ReBack commit"}
{"level":"ERROR","time":"2021-10-18T22:47:40.788+0800","caller":"handler/inventory.go:229","msg":"inventory.AutoBack mysql.DB.Get failed","error":"missing destination name id in *models.SellInfo"}
{"level":"WARN","time":"2021-10-18T22:47:40.800+0800","caller":"handler/inventory.go:206","msg":"inventoryServer.handler ReBack commit"}
{"level":"ERROR","time":"2021-10-18T22:47:40.832+0800","caller":"handler/inventory.go:229","msg":"inventory.AutoBack mysql.DB.Get failed","error":"missing destination name id in *models.SellInfo"}
{"level":"WARN","time":"2021-10-18T22:47:40.847+0800","caller":"handler/inventory.go:206","msg":"inventoryServer.handler ReBack commit"}
{"level":"ERROR","time":"2021-10-18T22:47:40.888+0800","caller":"handler/inventory.go:229","msg":"inventory.AutoBack mysql.DB.Get failed","error":"missing destination name id in *models.SellInfo"}
{"level":"WARN","time":"2021-10-18T22:47:40.902+0800","caller":"handler/inventory.go:206","msg":"inventoryServer.handler ReBack commit"}
{"level":"ERROR","time":"2021-10-18T22:47:43.521+0800","caller":"handler/inventory.go:229","msg":"inventory.AutoBack mysql.DB.Get failed","error":"missing destination name id in *models.SellInfo"}
{"level":"WARN","time":"2021-10-18T22:47:43.537+0800","caller":"handler/inventory.go:206","msg":"inventoryServer.handler ReBack commit"}
{"level":"ERROR","time":"2021-10-18T22:48:04.525+0800","caller":"handler/inventory.go:229","msg":"inventory.AutoBack mysql.DB.Get failed","error":"missing destination name id in *models.SellInfo"}
{"level":"WARN","time":"2021-10-18T22:48:04.538+0800","caller":"handler/inventory.go:206","msg":"inventoryServer.handler ReBack commit"}
{"level":"ERROR","time":"2021-10-18T22:49:04.619+0800","caller":"handler/inventory.go:229","msg":"inventory.AutoBack mysql.DB.Get failed","error":"missing destination name id in *models.SellInfo"}
{"level":"WARN","time":"2021-10-18T22:49:04.635+0800","caller":"handler/inventory.go:206","msg":"inventoryServer.handler ReBack commit"}
{"level":"INFO","time":"2021-10-18T22:49:18.529+0800","caller":"inventoryServer/main.go:109","msg":"注销成功"}
{"level":"ERROR","time":"2021-10-18T22:49:43.614+0800","caller":"handler/inventory.go:229","msg":"inventory.AutoBack mysql.DB.Get failed","error":"missing destination name id in *models.SellInfo"}
{"level":"WARN","time":"2021-10-18T22:49:43.625+0800","caller":"handler/inventory.go:206","msg":"inventoryServer.handler ReBack commit"}
{"level":"WARN","time":"2021-10-18T22:49:46.329+0800","caller":"handler/inventory.go:67","msg":"inventoryServer.handler ReBack commit"}
{"level":"ERROR","time":"2021-10-18T22:49:46.427+0800","caller":"handler/inventory.go:229","msg":"inventory.AutoBack mysql.DB.Get failed","error":"missing destination name id in *models.SellInfo"}
{"level":"WARN","time":"2021-10-18T22:49:46.436+0800","caller":"handler/inventory.go:206","msg":"inventoryServer.handler ReBack commit"}
{"level":"ERROR","time":"2021-10-18T22:49:56.496+0800","caller":"handler/inventory.go:229","msg":"inventory.AutoBack mysql.DB.Get failed","error":"missing destination name id in *models.SellInfo"}
{"level":"WARN","time":"2021-10-18T22:49:56.508+0800","caller":"handler/inventory.go:206","msg":"inventoryServer.handler ReBack commit"}
{"level":"ERROR","time":"2021-10-18T22:50:21.507+0800","caller":"handler/inventory.go:229","msg":"inventory.AutoBack mysql.DB.Get failed","error":"missing destination name id in *models.SellInfo"}
{"level":"WARN","time":"2021-10-18T22:50:21.517+0800","caller":"handler/inventory.go:206","msg":"inventoryServer.handler ReBack commit"}
{"level":"ERROR","time":"2021-10-18T22:50:26.576+0800","caller":"handler/inventory.go:229","msg":"inventory.AutoBack mysql.DB.Get failed","error":"missing destination name id in *models.SellInfo"}
{"level":"WARN","time":"2021-10-18T22:50:26.596+0800","caller":"handler/inventory.go:206","msg":"inventoryServer.handler ReBack commit"}
{"level":"INFO","time":"2021-10-18T22:50:34.650+0800","caller":"inventoryServer/main.go:109","msg":"注销成功"}
{"level":"WARN","time":"2021-10-18T22:50:43.667+0800","caller":"handler/inventory.go:67","msg":"inventoryServer.handler ReBack commit"}
{"level":"ERROR","time":"2021-10-18T22:50:43.783+0800","caller":"handler/inventory.go:229","msg":"inventory.AutoBack tx.Get failed","error":"missing destination name orders_goods_num in *models.SellInfo"}
{"level":"WARN","time":"2021-10-18T22:50:43.795+0800","caller":"handler/inventory.go:206","msg":"inventoryServer.handler ReBack commit"}
{"level":"ERROR","time":"2021-10-18T22:50:53.839+0800","caller":"handler/inventory.go:229","msg":"inventory.AutoBack tx.Get failed","error":"missing destination name orders_goods_num in *models.SellInfo"}
{"level":"WARN","time":"2021-10-18T22:50:53.848+0800","caller":"handler/inventory.go:206","msg":"inventoryServer.handler ReBack commit"}
{"level":"INFO","time":"2021-10-18T22:50:58.968+0800","caller":"inventoryServer/main.go:109","msg":"注销成功"}
{"level":"ERROR","time":"2021-10-18T22:51:04.987+0800","caller":"handler/inventory.go:235","msg":"inventory.AutoBack mysql.DB.Exec failed","error":"Error 1054: Unknown column 'ok' in 'field list'"}
{"level":"WARN","time":"2021-10-18T22:51:04.998+0800","caller":"handler/inventory.go:206","msg":"inventoryServer.handler ReBack commit"}
{"level":"WARN","time":"2021-10-18T22:51:07.321+0800","caller":"handler/inventory.go:67","msg":"inventoryServer.handler ReBack commit"}
{"level":"ERROR","time":"2021-10-18T22:51:07.444+0800","caller":"handler/inventory.go:235","msg":"inventory.AutoBack mysql.DB.Exec failed","error":"Error 1054: Unknown column 'ok' in 'field list'"}
{"level":"WARN","time":"2021-10-18T22:51:07.454+0800","caller":"handler/inventory.go:206","msg":"inventoryServer.handler ReBack commit"}
{"level":"ERROR","time":"2021-10-18T22:51:17.513+0800","caller":"handler/inventory.go:235","msg":"inventory.AutoBack mysql.DB.Exec failed","error":"Error 1054: Unknown column 'ok' in 'field list'"}
{"level":"WARN","time":"2021-10-18T22:51:17.527+0800","caller":"handler/inventory.go:206","msg":"inventoryServer.handler ReBack commit"}
{"level":"ERROR","time":"2021-10-18T22:51:23.906+0800","caller":"handler/inventory.go:235","msg":"inventory.AutoBack mysql.DB.Exec failed","error":"Error 1054: Unknown column 'ok' in 'field list'"}
{"level":"WARN","time":"2021-10-18T22:51:23.918+0800","caller":"handler/inventory.go:206","msg":"inventoryServer.handler ReBack commit"}
{"level":"ERROR","time":"2021-10-18T22:51:26.649+0800","caller":"handler/inventory.go:235","msg":"inventory.AutoBack mysql.DB.Exec failed","error":"Error 1054: Unknown column 'ok' in 'field list'"}
{"level":"WARN","time":"2021-10-18T22:51:26.659+0800","caller":"handler/inventory.go:206","msg":"inventoryServer.handler ReBack commit"}
{"level":"ERROR","time":"2021-10-18T22:51:40.837+0800","caller":"handler/inventory.go:235","msg":"inventory.AutoBack mysql.DB.Exec failed","error":"Error 1054: Unknown column 'ok' in 'field list'"}
{"level":"WARN","time":"2021-10-18T22:51:40.852+0800","caller":"handler/inventory.go:206","msg":"inventoryServer.handler ReBack commit"}
{"level":"ERROR","time":"2021-10-18T22:51:40.884+0800","caller":"handler/inventory.go:235","msg":"inventory.AutoBack mysql.DB.Exec failed","error":"Error 1054: Unknown column 'ok' in 'field list'"}
{"level":"WARN","time":"2021-10-18T22:51:40.900+0800","caller":"handler/inventory.go:206","msg":"inventoryServer.handler ReBack commit"}
{"level":"ERROR","time":"2021-10-18T22:51:40.916+0800","caller":"handler/inventory.go:235","msg":"inventory.AutoBack mysql.DB.Exec failed","error":"Error 1054: Unknown column 'ok' in 'field list'"}
{"level":"WARN","time":"2021-10-18T22:51:40.930+0800","caller":"handler/inventory.go:206","msg":"inventoryServer.handler ReBack commit"}
{"level":"ERROR","time":"2021-10-18T22:51:40.976+0800","caller":"handler/inventory.go:235","msg":"inventory.AutoBack mysql.DB.Exec failed","error":"Error 1054: Unknown column 'ok' in 'field list'"}
{"level":"WARN","time":"2021-10-18T22:51:40.994+0800","caller":"handler/inventory.go:206","msg":"inventoryServer.handler ReBack commit"}
{"level":"ERROR","time":"2021-10-18T22:51:47.587+0800","caller":"handler/inventory.go:235","msg":"inventory.AutoBack mysql.DB.Exec failed","error":"Error 1054: Unknown column 'ok' in 'field list'"}
{"level":"WARN","time":"2021-10-18T22:51:47.597+0800","caller":"handler/inventory.go:206","msg":"inventoryServer.handler ReBack commit"}
{"level":"INFO","time":"2021-10-18T22:52:19.775+0800","caller":"inventoryServer/main.go:109","msg":"注销成功"}
{"level":"WARN","time":"2021-10-18T22:52:26.798+0800","caller":"handler/inventory.go:206","msg":"inventoryServer.handler ReBack commit"}
{"level":"WARN","time":"2021-10-18T22:52:29.594+0800","caller":"handler/inventory.go:67","msg":"inventoryServer.handler ReBack commit"}
{"level":"WARN","time":"2021-10-18T22:52:29.760+0800","caller":"handler/inventory.go:206","msg":"inventoryServer.handler ReBack commit"}
{"level":"WARN","time":"2021-10-18T22:52:43.740+0800","caller":"handler/inventory.go:206","msg":"inventoryServer.handler ReBack commit"}
{"level":"WARN","time":"2021-10-18T22:52:47.688+0800","caller":"handler/inventory.go:206","msg":"inventoryServer.handler ReBack commit"}
{"level":"WARN","time":"2021-10-18T22:53:26.786+0800","caller":"handler/inventory.go:206","msg":"inventoryServer.handler ReBack commit"}
{"level":"INFO","time":"2021-10-18T22:53:39.464+0800","caller":"inventoryServer/main.go:109","msg":"注销成功"}
{"level":"ERROR","time":"2021-10-18T22:54:07.220+0800","caller":"handler/inventory.go:229","msg":"inventory.AutoBack tx.Get failed","error":"sql: no rows in result set"}
{"level":"ERROR","time":"2021-10-18T22:54:07.222+0800","caller":"handler/inventory.go:202","msg":"inventoryServer.handler Sell rollback","error":"搜索不到订单详细信息"}
{"level":"WARN","time":"2021-10-18T22:54:09.959+0800","caller":"handler/inventory.go:67","msg":"inventoryServer.handler ReBack commit"}
{"level":"WARN","time":"2021-10-18T22:54:10.124+0800","caller":"handler/inventory.go:206","msg":"inventoryServer.handler ReBack commit"}
{"level":"WARN","time":"2021-10-18T22:54:21.639+0800","caller":"handler/inventory.go:206","msg":"inventoryServer.handler ReBack commit"}
{"level":"ERROR","time":"2021-10-18T22:56:40.910+0800","caller":"handler/inventory.go:229","msg":"inventory.AutoBack tx.Get failed","error":"sql: no rows in result set"}
{"level":"ERROR","time":"2021-10-18T22:56:40.910+0800","caller":"handler/inventory.go:202","msg":"inventoryServer.handler Sell rollback","error":"搜索不到订单详细信息"}
{"level":"ERROR","time":"2021-10-18T22:56:40.946+0800","caller":"handler/inventory.go:229","msg":"inventory.AutoBack tx.Get failed","error":"sql: no rows in result set"}
{"level":"ERROR","time":"2021-10-18T22:56:40.946+0800","caller":"handler/inventory.go:202","msg":"inventoryServer.handler Sell rollback","error":"搜索不到订单详细信息"}
{"level":"ERROR","time":"2021-10-18T22:56:40.988+0800","caller":"handler/inventory.go:229","msg":"inventory.AutoBack tx.Get failed","error":"sql: no rows in result set"}
{"level":"ERROR","time":"2021-10-18T22:56:40.988+0800","caller":"handler/inventory.go:202","msg":"inventoryServer.handler Sell rollback","error":"搜索不到订单详细信息"}
{"level":"ERROR","time":"2021-10-18T22:56:41.041+0800","caller":"handler/inventory.go:229","msg":"inventory.AutoBack tx.Get failed","error":"sql: no rows in result set"}
{"level":"ERROR","time":"2021-10-18T22:56:41.041+0800","caller":"handler/inventory.go:202","msg":"inventoryServer.handler Sell rollback","error":"搜索不到订单详细信息"}
{"level":"ERROR","time":"2021-10-18T22:58:07.277+0800","caller":"handler/inventory.go:229","msg":"inventory.AutoBack tx.Get failed","error":"sql: no rows in result set"}
{"level":"ERROR","time":"2021-10-18T22:58:07.277+0800","caller":"handler/inventory.go:202","msg":"inventoryServer.handler Sell rollback","error":"搜索不到订单详细信息"}
{"level":"WARN","time":"2021-10-18T23:02:38.022+0800","caller":"handler/inventory.go:67","msg":"inventoryServer.handler ReBack commit"}
{"level":"WARN","time":"2021-10-18T23:02:38.195+0800","caller":"handler/inventory.go:206","msg":"inventoryServer.handler ReBack commit"}
{"level":"WARN","time":"2021-10-18T23:02:41.012+0800","caller":"handler/inventory.go:206","msg":"inventoryServer.handler ReBack commit"}
{"level":"WARN","time":"2021-10-18T23:02:41.047+0800","caller":"handler/inventory.go:206","msg":"inventoryServer.handler ReBack commit"}
{"level":"WARN","time":"2021-10-18T23:02:41.149+0800","caller":"handler/inventory.go:206","msg":"inventoryServer.handler ReBack commit"}
{"level":"WARN","time":"2021-10-18T23:02:41.182+0800","caller":"handler/inventory.go:206","msg":"inventoryServer.handler ReBack commit"}
{"level":"WARN","time":"2021-10-18T23:03:07.378+0800","caller":"handler/inventory.go:206","msg":"inventoryServer.handler ReBack commit"}
{"level":"WARN","time":"2021-10-18T23:05:49.978+0800","caller":"handler/inventory.go:67","msg":"inventoryServer.handler ReBack commit"}
{"level":"WARN","time":"2021-10-18T23:05:50.145+0800","caller":"handler/inventory.go:206","msg":"inventoryServer.handler ReBack commit"}
{"level":"WARN","time":"2021-10-18T23:06:36.837+0800","caller":"handler/inventory.go:67","msg":"inventoryServer.handler ReBack commit"}
{"level":"WARN","time":"2021-10-18T23:06:37.016+0800","caller":"handler/inventory.go:206","msg":"inventoryServer.handler ReBack commit"}
{"level":"WARN","time":"2021-10-18T23:10:16.666+0800","caller":"handler/inventory.go:67","msg":"inventoryServer.handler ReBack commit"}
{"level":"WARN","time":"2021-10-18T23:10:16.872+0800","caller":"handler/inventory.go:206","msg":"inventoryServer.handler ReBack commit"}
{"level":"WARN","time":"2021-10-18T23:11:36.262+0800","caller":"handler/inventory.go:67","msg":"inventoryServer.handler ReBack commit"}
{"level":"WARN","time":"2021-10-18T23:11:36.428+0800","caller":"handler/inventory.go:206","msg":"inventoryServer.handler ReBack commit"}
{"level":"WARN","time":"2021-10-18T23:12:49.392+0800","caller":"handler/inventory.go:67","msg":"inventoryServer.handler ReBack commit"}
{"level":"WARN","time":"2021-10-18T23:12:49.544+0800","caller":"handler/inventory.go:206","msg":"inventoryServer.handler ReBack commit"}
{"level":"WARN","time":"2021-10-18T23:13:42.547+0800","caller":"handler/inventory.go:67","msg":"inventoryServer.handler ReBack commit"}
{"level":"WARN","time":"2021-10-18T23:13:42.690+0800","caller":"handler/inventory.go:206","msg":"inventoryServer.handler ReBack commit"}
{"level":"WARN","time":"2021-10-18T23:14:22.947+0800","caller":"handler/inventory.go:67","msg":"inventoryServer.handler ReBack commit"}
{"level":"WARN","time":"2021-10-18T23:14:23.103+0800","caller":"handler/inventory.go:206","msg":"inventoryServer.handler ReBack commit"}
{"level":"WARN","time":"2021-10-18T23:22:26.941+0800","caller":"handler/inventory.go:67","msg":"inventoryServer.handler ReBack commit"}
{"level":"WARN","time":"2021-10-18T23:22:27.152+0800","caller":"handler/inventory.go:206","msg":"inventoryServer.handler ReBack commit"}
{"level":"WARN","time":"2021-10-18T23:22:42.964+0800","caller":"handler/inventory.go:67","msg":"inventoryServer.handler ReBack commit"}
{"level":"WARN","time":"2021-10-18T23:22:43.191+0800","caller":"handler/inventory.go:206","msg":"inventoryServer.handler ReBack commit"}
{"level":"WARN","time":"2021-10-18T23:24:59.298+0800","caller":"handler/inventory.go:67","msg":"inventoryServer.handler ReBack commit"}
{"level":"WARN","time":"2021-10-18T23:24:59.480+0800","caller":"handler/inventory.go:206","msg":"inventoryServer.handler ReBack commit"}
{"level":"WARN","time":"2021-10-18T23:29:51.336+0800","caller":"handler/inventory.go:67","msg":"inventoryServer.handler ReBack commit"}
{"level":"WARN","time":"2021-10-18T23:29:51.528+0800","caller":"handler/inventory.go:206","msg":"inventoryServer.handler ReBack commit"}
{"level":"WARN","time":"2021-10-18T23:33:11.491+0800","caller":"handler/inventory.go:67","msg":"inventoryServer.handler ReBack commit"}
{"level":"WARN","time":"2021-10-18T23:33:11.684+0800","caller":"handler/inventory.go:206","msg":"inventoryServer.handler ReBack commit"}
{"level":"WARN","time":"2021-10-18T23:36:18.408+0800","caller":"handler/inventory.go:67","msg":"inventoryServer.handler ReBack commit"}
{"level":"WARN","time":"2021-10-18T23:36:18.613+0800","caller":"handler/inventory.go:206","msg":"inventoryServer.handler ReBack commit"}
{"level":"WARN","time":"2021-10-18T23:46:37.462+0800","caller":"handler/inventory.go:67","msg":"inventoryServer.handler ReBack commit"}
{"level":"WARN","time":"2021-10-18T23:46:37.677+0800","caller":"handler/inventory.go:206","msg":"inventoryServer.handler ReBack commit"}
{"level":"INFO","time":"2021-10-18T23:50:23.821+0800","caller":"inventoryServer/main.go:109","msg":"注销成功"}
{"level":"ERROR","time":"2021-10-18T23:50:35.561+0800","caller":"handler/inventory.go:229","msg":"inventory.AutoBack tx.Get failed","error":"sql: no rows in result set"}
{"level":"ERROR","time":"2021-10-18T23:50:35.562+0800","caller":"handler/inventory.go:202","msg":"inventoryServer.handler Sell rollback","error":"搜索不到订单详细信息"}
{"level":"ERROR","time":"2021-10-18T23:50:45.659+0800","caller":"handler/inventory.go:229","msg":"inventory.AutoBack tx.Get failed","error":"sql: no rows in result set"}
{"level":"ERROR","time":"2021-10-18T23:50:45.659+0800","caller":"handler/inventory.go:202","msg":"inventoryServer.handler Sell rollback","error":"搜索不到订单详细信息"}
{"level":"ERROR","time":"2021-10-18T23:51:15.737+0800","caller":"handler/inventory.go:229","msg":"inventory.AutoBack tx.Get failed","error":"sql: no rows in result set"}
{"level":"ERROR","time":"2021-10-18T23:51:15.737+0800","caller":"handler/inventory.go:202","msg":"inventoryServer.handler Sell rollback","error":"搜索不到订单详细信息"}
{"level":"ERROR","time":"2021-10-18T23:52:15.808+0800","caller":"handler/inventory.go:229","msg":"inventory.AutoBack tx.Get failed","error":"sql: no rows in result set"}
{"level":"ERROR","time":"2021-10-18T23:52:15.809+0800","caller":"handler/inventory.go:202","msg":"inventoryServer.handler Sell rollback","error":"搜索不到订单详细信息"}
{"level":"INFO","time":"2021-10-18T23:53:19.404+0800","caller":"inventoryServer/main.go:109","msg":"注销成功"}
{"level":"ERROR","time":"2021-10-18T23:54:08.123+0800","caller":"handler/inventory.go:227","msg":"inventory.AutoBack tx.Get failed","error":"sql: no rows in result set"}
{"level":"ERROR","time":"2021-10-18T23:54:15.956+0800","caller":"handler/inventory.go:227","msg":"inventory.AutoBack tx.Get failed","error":"sql: no rows in result set"}
{"level":"ERROR","time":"2021-10-18T23:54:18.227+0800","caller":"handler/inventory.go:227","msg":"inventory.AutoBack tx.Get failed","error":"sql: no rows in result set"}
{"level":"ERROR","time":"2021-10-18T23:54:47.830+0800","caller":"handler/inventory.go:227","msg":"inventory.AutoBack tx.Get failed","error":"sql: no rows in result set"}
{"level":"ERROR","time":"2021-10-18T23:54:47.870+0800","caller":"handler/inventory.go:227","msg":"inventory.AutoBack tx.Get failed","error":"sql: no rows in result set"}
{"level":"ERROR","time":"2021-10-18T23:54:48.356+0800","caller":"handler/inventory.go:227","msg":"inventory.AutoBack tx.Get failed","error":"sql: no rows in result set"}
{"level":"ERROR","time":"2021-10-18T23:54:57.971+0800","caller":"handler/inventory.go:227","msg":"inventory.AutoBack tx.Get failed","error":"sql: no rows in result set"}
{"level":"ERROR","time":"2021-10-18T23:54:57.987+0800","caller":"handler/inventory.go:227","msg":"inventory.AutoBack tx.Get failed","error":"sql: no rows in result set"}
{"level":"ERROR","time":"2021-10-18T23:54:59.009+0800","caller":"handler/inventory.go:102","msg":"inventory.Sell mysql.DB.Exec failed","error":"Error 1205: Lock wait timeout exceeded; try restarting transaction"}
{"level":"ERROR","time":"2021-10-18T23:55:28.100+0800","caller":"handler/inventory.go:227","msg":"inventory.AutoBack tx.Get failed","error":"sql: no rows in result set"}
{"level":"ERROR","time":"2021-10-18T23:55:28.132+0800","caller":"handler/inventory.go:227","msg":"inventory.AutoBack tx.Get failed","error":"sql: no rows in result set"}
{"level":"INFO","time":"2021-10-18T23:55:48.377+0800","caller":"inventoryServer/main.go:109","msg":"注销成功"}
{"level":"ERROR","time":"2021-10-18T23:55:54.557+0800","caller":"handler/inventory.go:227","msg":"inventory.AutoBack tx.Get failed","error":"sql: no rows in result set"}
{"level":"ERROR","time":"2021-10-18T23:55:58.004+0800","caller":"handler/inventory.go:227","msg":"inventory.AutoBack tx.Get failed","error":"sql: no rows in result set"}
{"level":"ERROR","time":"2021-10-18T23:56:08.146+0800","caller":"handler/inventory.go:227","msg":"inventory.AutoBack tx.Get failed","error":"sql: no rows in result set"}
{"level":"ERROR","time":"2021-10-18T23:56:28.216+0800","caller":"handler/inventory.go:227","msg":"inventory.AutoBack tx.Get failed","error":"sql: no rows in result set"}
{"level":"ERROR","time":"2021-10-18T23:56:28.223+0800","caller":"handler/inventory.go:227","msg":"inventory.AutoBack tx.Get failed","error":"sql: no rows in result set"}
{"level":"ERROR","time":"2021-10-18T23:56:38.260+0800","caller":"handler/inventory.go:227","msg":"inventory.AutoBack tx.Get failed","error":"sql: no rows in result set"}
{"level":"ERROR","time":"2021-10-18T23:57:16.077+0800","caller":"handler/inventory.go:227","msg":"inventory.AutoBack tx.Get failed","error":"sql: no rows in result set"}
{"level":"INFO","time":"2021-10-18T23:57:16.237+0800","caller":"inventoryServer/main.go:109","msg":"注销成功"}
{"level":"ERROR","time":"2021-10-18T23:57:27.947+0800","caller":"handler/inventory.go:232","msg":"inventory.AutoBack tx.Get failed","error":"sql: no rows in result set"}
{"level":"ERROR","time":"2021-10-18T23:57:31.665+0800","caller":"handler/inventory.go:232","msg":"inventory.AutoBack tx.Get failed","error":"sql: no rows in result set"}
{"level":"ERROR","time":"2021-10-18T23:57:38.327+0800","caller":"handler/inventory.go:232","msg":"inventory.AutoBack tx.Get failed","error":"sql: no rows in result set"}
{"level":"ERROR","time":"2021-10-18T23:57:41.764+0800","caller":"handler/inventory.go:232","msg":"inventory.AutoBack tx.Get failed","error":"sql: no rows in result set"}
{"level":"ERROR","time":"2021-10-18T23:57:54.649+0800","caller":"handler/inventory.go:232","msg":"inventory.AutoBack tx.Get failed","error":"sql: no rows in result set"}
{"level":"INFO","time":"2021-10-18T23:58:02.678+0800","caller":"inventoryServer/main.go:109","msg":"注销成功"}
{"level":"ERROR","time":"2021-10-18T23:58:12.601+0800","caller":"handler/inventory.go:233","msg":"inventory.AutoBack tx.Get failed","error":"sql: no rows in result set"}
{"level":"ERROR","time":"2021-10-18T23:58:15.353+0800","caller":"handler/inventory.go:233","msg":"inventory.AutoBack tx.Get failed","error":"sql: no rows in result set"}
{"level":"ERROR","time":"2021-10-18T23:58:25.412+0800","caller":"handler/inventory.go:233","msg":"inventory.AutoBack tx.Get failed","error":"sql: no rows in result set"}
{"level":"ERROR","time":"2021-10-18T23:58:28.304+0800","caller":"handler/inventory.go:233","msg":"inventory.AutoBack tx.Get failed","error":"sql: no rows in result set"}
{"level":"ERROR","time":"2021-10-18T23:58:28.324+0800","caller":"handler/inventory.go:233","msg":"inventory.AutoBack tx.Get failed","error":"sql: no rows in result set"}
{"level":"INFO","time":"2021-10-18T23:58:40.177+0800","caller":"inventoryServer/main.go:109","msg":"注销成功"}
{"level":"ERROR","time":"2021-10-19T00:03:16.479+0800","caller":"handler/inventory.go:234","msg":"inventory.AutoBack tx.Get failed","error":"sql: no rows in result set"}
{"level":"ERROR","time":"2021-10-19T00:03:18.803+0800","caller":"handler/inventory.go:234","msg":"inventory.AutoBack tx.Get failed","error":"sql: no rows in result set"}
{"level":"ERROR","time":"2021-10-19T00:03:28.852+0800","caller":"handler/inventory.go:234","msg":"inventory.AutoBack tx.Get failed","error":"sql: no rows in result set"}
{"level":"ERROR","time":"2021-10-19T00:03:58.962+0800","caller":"handler/inventory.go:234","msg":"inventory.AutoBack tx.Get failed","error":"sql: no rows in result set"}
{"level":"ERROR","time":"2021-10-19T00:04:16.590+0800","caller":"handler/inventory.go:234","msg":"inventory.AutoBack tx.Get failed","error":"sql: no rows in result set"}
{"level":"INFO","time":"2021-10-19T00:04:22.266+0800","caller":"inventoryServer/main.go:109","msg":"注销成功"}
{"level":"ERROR","time":"2021-10-19T00:04:34.088+0800","caller":"handler/inventory.go:234","msg":"inventory.AutoBack tx.Get failed","error":"sql: no rows in result set"}
{"level":"ERROR","time":"2021-10-19T00:04:44.131+0800","caller":"handler/inventory.go:234","msg":"inventory.AutoBack tx.Get failed","error":"sql: no rows in result set"}
{"level":"ERROR","time":"2021-10-19T00:04:59.060+0800","caller":"handler/inventory.go:234","msg":"inventory.AutoBack tx.Get failed","error":"sql: no rows in result set"}
{"level":"ERROR","time":"2021-10-19T00:05:14.271+0800","caller":"handler/inventory.go:234","msg":"inventory.AutoBack tx.Get failed","error":"sql: no rows in result set"}
{"level":"ERROR","time":"2021-10-19T00:05:16.587+0800","caller":"handler/inventory.go:234","msg":"inventory.AutoBack tx.Get failed","error":"sql: no rows in result set"}
{"level":"INFO","time":"2021-10-19T00:06:02.171+0800","caller":"inventoryServer/main.go:109","msg":"注销成功"}
{"level":"ERROR","time":"2021-10-19T00:06:14.319+0800","caller":"handler/inventory.go:235","msg":"inventory.AutoBack tx.Get failed","error":"sql: no rows in result set"}
{"level":"ERROR","time":"2021-10-19T00:06:14.497+0800","caller":"handler/inventory.go:235","msg":"inventory.AutoBack tx.Get failed","error":"sql: no rows in result set"}
{"level":"ERROR","time":"2021-10-19T00:06:16.632+0800","caller":"handler/inventory.go:235","msg":"inventory.AutoBack tx.Get failed","error":"sql: no rows in result set"}
{"level":"ERROR","time":"2021-10-19T00:06:16.681+0800","caller":"handler/inventory.go:235","msg":"inventory.AutoBack tx.Get failed","error":"sql: no rows in result set"}
{"level":"ERROR","time":"2021-10-19T00:06:24.613+0800","caller":"handler/inventory.go:235","msg":"inventory.AutoBack tx.Get failed","error":"sql: no rows in result set"}
{"level":"ERROR","time":"2021-10-19T00:06:54.709+0800","caller":"handler/inventory.go:235","msg":"inventory.AutoBack tx.Get failed","error":"sql: no rows in result set"}
{"level":"ERROR","time":"2021-10-19T00:06:59.170+0800","caller":"handler/inventory.go:235","msg":"inventory.AutoBack tx.Get failed","error":"sql: no rows in result set"}
{"level":"INFO","time":"2021-10-19T00:07:10.847+0800","caller":"inventoryServer/main.go:109","msg":"注销成功"}
{"level":"ERROR","time":"2021-10-19T00:07:19.819+0800","caller":"handler/inventory.go:235","msg":"inventory.AutoBack tx.Get failed","error":"sql: no rows in result set"}
{"level":"ERROR","time":"2021-10-19T00:07:22.520+0800","caller":"handler/inventory.go:235","msg":"inventory.AutoBack tx.Get failed","error":"sql: no rows in result set"}
{"level":"INFO","time":"2021-10-19T00:07:28.229+0800","caller":"inventoryServer/main.go:109","msg":"注销成功"}
{"level":"ERROR","time":"2021-10-19T00:07:35.921+0800","caller":"handler/inventory.go:235","msg":"inventory.AutoBack tx.Get failed","error":"sql: no rows in result set"}
{"level":"ERROR","time":"2021-10-19T00:07:36.023+0800","caller":"handler/inventory.go:235","msg":"inventory.AutoBack tx.Get failed","error":"sql: no rows in result set"}
{"level":"ERROR","time":"2021-10-19T00:07:38.413+0800","caller":"handler/inventory.go:235","msg":"inventory.AutoBack tx.Get failed","error":"sql: no rows in result set"}
{"level":"ERROR","time":"2021-10-19T00:07:46.075+0800","caller":"handler/inventory.go:235","msg":"inventory.AutoBack tx.Get failed","error":"sql: no rows in result set"}
{"level":"ERROR","time":"2021-10-19T00:07:48.528+0800","caller":"handler/inventory.go:235","msg":"inventory.AutoBack tx.Get failed","error":"sql: no rows in result set"}
{"level":"ERROR","time":"2021-10-19T00:07:54.800+0800","caller":"handler/inventory.go:235","msg":"inventory.AutoBack tx.Get failed","error":"sql: no rows in result set"}
{"level":"ERROR","time":"2021-10-19T00:08:06.082+0800","caller":"handler/inventory.go:235","msg":"inventory.AutoBack tx.Get failed","error":"sql: no rows in result set"}
{"level":"ERROR","time":"2021-10-19T00:08:14.416+0800","caller":"handler/inventory.go:235","msg":"inventory.AutoBack tx.Get failed","error":"sql: no rows in result set"}
{"level":"ERROR","time":"2021-10-19T00:08:16.172+0800","caller":"handler/inventory.go:235","msg":"inventory.AutoBack tx.Get failed","error":"sql: no rows in result set"}
{"level":"ERROR","time":"2021-10-19T00:08:16.681+0800","caller":"handler/inventory.go:235","msg":"inventory.AutoBack tx.Get failed","error":"sql: no rows in result set"}
{"level":"ERROR","time":"2021-10-19T00:08:16.681+0800","caller":"handler/inventory.go:235","msg":"inventory.AutoBack tx.Get failed","error":"sql: no rows in result set"}
{"level":"ERROR","time":"2021-10-19T00:08:16.706+0800","caller":"handler/inventory.go:235","msg":"inventory.AutoBack tx.Get failed","error":"sql: no rows in result set"}
{"level":"ERROR","time":"2021-10-19T00:08:18.631+0800","caller":"handler/inventory.go:235","msg":"inventory.AutoBack tx.Get failed","error":"sql: no rows in result set"}
{"level":"ERROR","time":"2021-10-19T00:09:06.203+0800","caller":"handler/inventory.go:235","msg":"inventory.AutoBack tx.Get failed","error":"sql: no rows in result set"}
{"level":"ERROR","time":"2021-10-19T00:09:16.275+0800","caller":"handler/inventory.go:235","msg":"inventory.AutoBack tx.Get failed","error":"sql: no rows in result set"}
{"level":"ERROR","time":"2021-10-19T00:09:16.828+0800","caller":"handler/inventory.go:235","msg":"inventory.AutoBack tx.Get failed","error":"sql: no rows in result set"}
{"level":"ERROR","time":"2021-10-19T00:09:18.741+0800","caller":"handler/inventory.go:235","msg":"inventory.AutoBack tx.Get failed","error":"sql: no rows in result set"}
{"level":"ERROR","time":"2021-10-19T00:09:54.917+0800","caller":"handler/inventory.go:235","msg":"inventory.AutoBack tx.Get failed","error":"sql: no rows in result set"}
{"level":"ERROR","time":"2021-10-19T00:09:59.262+0800","caller":"handler/inventory.go:235","msg":"inventory.AutoBack tx.Get failed","error":"sql: no rows in result set"}
{"level":"ERROR","time":"2021-10-19T00:10:16.770+0800","caller":"handler/inventory.go:235","msg":"inventory.AutoBack tx.Get failed","error":"sql: no rows in result set"}
{"level":"INFO","time":"2021-10-19T00:10:55.011+0800","caller":"inventoryServer/main.go:109","msg":"注销成功"}
{"level":"ERROR","time":"2021-10-19T00:11:06.266+0800","caller":"handler/inventory.go:235","msg":"inventory.AutoBack tx.Get failed","error":"sql: no rows in result set"}
{"level":"ERROR","time":"2021-10-19T00:11:10.241+0800","caller":"handler/inventory.go:235","msg":"inventory.AutoBack tx.Get failed","error":"sql: no rows in result set"}
{"level":"ERROR","time":"2021-10-19T00:11:14.464+0800","caller":"handler/inventory.go:235","msg":"inventory.AutoBack tx.Get failed","error":"sql: no rows in result set"}
{"level":"ERROR","time":"2021-10-19T00:11:16.396+0800","caller":"handler/inventory.go:235","msg":"inventory.AutoBack tx.Get failed","error":"sql: no rows in result set"}
{"level":"ERROR","time":"2021-10-19T00:11:18.835+0800","caller":"handler/inventory.go:235","msg":"inventory.AutoBack tx.Get failed","error":"sql: no rows in result set"}
{"level":"ERROR","time":"2021-10-19T00:11:20.346+0800","caller":"handler/inventory.go:235","msg":"inventory.AutoBack tx.Get failed","error":"sql: no rows in result set"}
{"level":"ERROR","time":"2021-10-19T00:11:28.889+0800","caller":"handler/inventory.go:235","msg":"inventory.AutoBack tx.Get failed","error":"sql: no rows in result set"}
{"level":"ERROR","time":"2021-10-19T00:11:38.941+0800","caller":"handler/inventory.go:235","msg":"inventory.AutoBack tx.Get failed","error":"sql: no rows in result set"}
{"level":"ERROR","time":"2021-10-19T00:11:50.446+0800","caller":"handler/inventory.go:235","msg":"inventory.AutoBack tx.Get failed","error":"sql: no rows in result set"}
{"level":"ERROR","time":"2021-10-19T00:12:09.036+0800","caller":"handler/inventory.go:235","msg":"inventory.AutoBack tx.Get failed","error":"sql: no rows in result set"}
{"level":"ERROR","time":"2021-10-19T00:12:16.803+0800","caller":"handler/inventory.go:235","msg":"inventory.AutoBack tx.Get failed","error":"sql: no rows in result set"}
{"level":"ERROR","time":"2021-10-19T00:12:19.934+0800","caller":"handler/inventory.go:235","msg":"inventory.AutoBack tx.Get failed","error":"sql: no rows in result set"}
{"level":"ERROR","time":"2021-10-19T00:12:19.936+0800","caller":"handler/inventory.go:235","msg":"inventory.AutoBack tx.Get failed","error":"sql: no rows in result set"}
{"level":"ERROR","time":"2021-10-19T00:12:19.973+0800","caller":"handler/inventory.go:235","msg":"inventory.AutoBack tx.Get failed","error":"sql: no rows in result set"}
{"level":"ERROR","time":"2021-10-19T00:12:36.007+0800","caller":"handler/inventory.go:235","msg":"inventory.AutoBack tx.Get failed","error":"sql: no rows in result set"}
{"level":"ERROR","time":"2021-10-19T00:12:36.034+0800","caller":"handler/inventory.go:235","msg":"inventory.AutoBack tx.Get failed","error":"sql: no rows in result set"}
{"level":"ERROR","time":"2021-10-19T00:12:36.043+0800","caller":"handler/inventory.go:235","msg":"inventory.AutoBack tx.Get failed","error":"sql: no rows in result set"}
{"level":"ERROR","time":"2021-10-19T00:12:50.552+0800","caller":"handler/inventory.go:235","msg":"inventory.AutoBack tx.Get failed","error":"sql: no rows in result set"}
{"level":"ERROR","time":"2021-10-19T00:12:55.037+0800","caller":"handler/inventory.go:235","msg":"inventory.AutoBack tx.Get failed","error":"sql: no rows in result set"}
{"level":"ERROR","time":"2021-10-19T00:13:09.145+0800","caller":"handler/inventory.go:235","msg":"inventory.AutoBack tx.Get failed","error":"sql: no rows in result set"}
{"level":"ERROR","time":"2021-10-19T00:13:16.910+0800","caller":"handler/inventory.go:235","msg":"inventory.AutoBack tx.Get failed","error":"sql: no rows in result set"}
{"level":"ERROR","time":"2021-10-19T00:13:59.374+0800","caller":"handler/inventory.go:235","msg":"inventory.AutoBack tx.Get failed","error":"sql: no rows in result set"}
{"level":"ERROR","time":"2021-10-19T00:13:59.705+0800","caller":"handler/inventory.go:235","msg":"inventory.AutoBack tx.Get failed","error":"sql: no rows in result set"}
{"level":"ERROR","time":"2021-10-19T00:14:06.315+0800","caller":"handler/inventory.go:235","msg":"inventory.AutoBack tx.Get failed","error":"sql: no rows in result set"}
{"level":"ERROR","time":"2021-10-19T00:14:09.828+0800","caller":"handler/inventory.go:235","msg":"inventory.AutoBack tx.Get failed","error":"sql: no rows in result set"}
{"level":"ERROR","time":"2021-10-19T00:14:16.499+0800","caller":"handler/inventory.go:235","msg":"inventory.AutoBack tx.Get failed","error":"sql: no rows in result set"}
{"level":"ERROR","time":"2021-10-19T00:14:16.780+0800","caller":"handler/inventory.go:235","msg":"inventory.AutoBack tx.Get failed","error":"sql: no rows in result set"}
{"level":"ERROR","time":"2021-10-19T00:14:18.960+0800","caller":"handler/inventory.go:235","msg":"inventory.AutoBack tx.Get failed","error":"sql: no rows in result set"}
{"level":"ERROR","time":"2021-10-19T00:14:39.942+0800","caller":"handler/inventory.go:235","msg":"inventory.AutoBack tx.Get failed","error":"sql: no rows in result set"}
{"level":"ERROR","time":"2021-10-19T00:14:50.659+0800","caller":"handler/inventory.go:235","msg":"inventory.AutoBack tx.Get failed","error":"sql: no rows in result set"}
{"level":"ERROR","time":"2021-10-19T00:14:55.835+0800","caller":"handler/inventory.go:235","msg":"inventory.AutoBack tx.Get failed","error":"sql: no rows in result set"}
{"level":"ERROR","time":"2021-10-19T00:15:05.894+0800","caller":"handler/inventory.go:235","msg":"inventory.AutoBack tx.Get failed","error":"sql: no rows in result set"}
{"level":"ERROR","time":"2021-10-19T00:15:09.241+0800","caller":"handler/inventory.go:235","msg":"inventory.AutoBack tx.Get failed","error":"sql: no rows in result set"}
{"level":"ERROR","time":"2021-10-19T00:15:14.594+0800","caller":"handler/inventory.go:235","msg":"inventory.AutoBack tx.Get failed","error":"sql: no rows in result set"}
{"level":"INFO","time":"2021-10-19T00:15:16.182+0800","caller":"inventoryServer/main.go:109","msg":"注销成功"}
{"level":"ERROR","time":"2021-10-19T00:15:39.110+0800","caller":"handler/inventory.go:221","msg":"inventory.AutoBack json.Unmarshal failed","error":"json: cannot unmarshal number into Go struct field orderInfo.OrderSn of type string"}
{"level":"ERROR","time":"2021-10-19T00:15:40.043+0800","caller":"handler/inventory.go:221","msg":"inventory.AutoBack json.Unmarshal failed","error":"json: cannot unmarshal number into Go struct field orderInfo.OrderSn of type string"}
{"level":"ERROR","time":"2021-10-19T00:15:41.581+0800","caller":"handler/inventory.go:221","msg":"inventory.AutoBack json.Unmarshal failed","error":"json: cannot unmarshal number into Go struct field orderInfo.OrderSn of type string"}
{"level":"ERROR","time":"2021-10-19T00:15:51.608+0800","caller":"handler/inventory.go:221","msg":"inventory.AutoBack json.Unmarshal failed","error":"json: cannot unmarshal number into Go struct field orderInfo.OrderSn of type string"}
{"level":"ERROR","time":"2021-10-19T00:16:21.694+0800","caller":"handler/inventory.go:221","msg":"inventory.AutoBack json.Unmarshal failed","error":"json: cannot unmarshal number into Go struct field orderInfo.OrderSn of type string"}
{"level":"ERROR","time":"2021-10-19T00:16:39.222+0800","caller":"handler/inventory.go:221","msg":"inventory.AutoBack json.Unmarshal failed","error":"json: cannot unmarshal number into Go struct field orderInfo.OrderSn of type string"}
{"level":"INFO","time":"2021-10-19T00:16:40.045+0800","caller":"inventoryServer/main.go:109","msg":"注销成功"}
{"level":"ERROR","time":"2021-10-19T00:16:47.263+0800","caller":"handler/inventory.go:220","msg":"inventory.AutoBack json.Unmarshal failed","error":"json: cannot unmarshal number into Go struct field orderInfo.OrderSn of type string"}
{"level":"ERROR","time":"2021-10-19T00:16:49.745+0800","caller":"handler/inventory.go:220","msg":"inventory.AutoBack json.Unmarshal failed","error":"json: cannot unmarshal number into Go struct field orderInfo.OrderSn of type string"}
{"level":"ERROR","time":"2021-10-19T00:16:55.057+0800","caller":"handler/inventory.go:220","msg":"inventory.AutoBack json.Unmarshal failed","error":"json: cannot unmarshal number into Go struct field orderInfo.OrderSn of type string"}
{"level":"ERROR","time":"2021-10-19T00:16:59.838+0800","caller":"handler/inventory.go:220","msg":"inventory.AutoBack json.Unmarshal failed","error":"json: cannot unmarshal number into Go struct field orderInfo.OrderSn of type string"}
{"level":"ERROR","time":"2021-10-19T00:17:16.890+0800","caller":"handler/inventory.go:220","msg":"inventory.AutoBack json.Unmarshal failed","error":"json: cannot unmarshal number into Go struct field orderInfo.OrderSn of type string"}
{"level":"INFO","time":"2021-10-19T00:17:21.250+0800","caller":"inventoryServer/main.go:109","msg":"注销成功"}
{"level":"ERROR","time":"2021-10-19T00:18:06.418+0800","caller":"handler/inventory.go:233","msg":"inventory.AutoBack tx.Get failed","error":"sql: no rows in result set"}
{"level":"ERROR","time":"2021-10-19T00:18:16.620+0800","caller":"handler/inventory.go:233","msg":"inventory.AutoBack tx.Get failed","error":"sql: no rows in result set"}
{"level":"ERROR","time":"2021-10-19T00:18:17.020+0800","caller":"handler/inventory.go:233","msg":"inventory.AutoBack tx.Get failed","error":"sql: no rows in result set"}
{"level":"ERROR","time":"2021-10-19T00:18:19.080+0800","caller":"handler/inventory.go:233","msg":"inventory.AutoBack tx.Get failed","error":"sql: no rows in result set"}
{"level":"ERROR","time":"2021-10-19T00:18:20.021+0800","caller":"handler/inventory.go:233","msg":"inventory.AutoBack tx.Get failed","error":"sql: no rows in result set"}
{"level":"ERROR","time":"2021-10-19T00:18:20.046+0800","caller":"handler/inventory.go:233","msg":"inventory.AutoBack tx.Get failed","error":"sql: no rows in result set"}
{"level":"ERROR","time":"2021-10-19T00:18:20.081+0800","caller":"handler/inventory.go:233","msg":"inventory.AutoBack tx.Get failed","error":"sql: no rows in result set"}
{"level":"ERROR","time":"2021-10-19T00:18:21.360+0800","caller":"handler/inventory.go:239","msg":"inventory.AutoBack mysql.DB.Exec failed","error":"Error 1205: Lock wait timeout exceeded; try restarting transaction"}
{"level":"ERROR","time":"2021-10-19T00:18:21.363+0800","caller":"handler/inventory.go:74","msg":"inventory handler Shell mysql.DB.Exec","error":"Error 1205: Lock wait timeout exceeded; try restarting transaction"}
{"level":"ERROR","time":"2021-10-19T00:18:31.363+0800","caller":"handler/inventory.go:239","msg":"inventory.AutoBack mysql.DB.Exec failed","error":"Error 1205: Lock wait timeout exceeded; try restarting transaction"}
{"level":"ERROR","time":"2021-10-19T00:18:36.055+0800","caller":"handler/inventory.go:233","msg":"inventory.AutoBack tx.Get failed","error":"sql: no rows in result set"}
{"level":"ERROR","time":"2021-10-19T00:18:36.132+0800","caller":"handler/inventory.go:233","msg":"inventory.AutoBack tx.Get failed","error":"sql: no rows in result set"}
{"level":"ERROR","time":"2021-10-19T00:18:36.169+0800","caller":"handler/inventory.go:233","msg":"inventory.AutoBack tx.Get failed","error":"sql: no rows in result set"}
{"level":"ERROR","time":"2021-10-19T00:18:41.334+0800","caller":"handler/inventory.go:239","msg":"inventory.AutoBack mysql.DB.Exec failed","error":"Error 1205: Lock wait timeout exceeded; try restarting transaction"}
{"level":"ERROR","time":"2021-10-19T00:18:49.387+0800","caller":"handler/inventory.go:74","msg":"inventory handler Shell mysql.DB.Exec","error":"Error 1205: Lock wait timeout exceeded; try restarting transaction"}
{"level":"ERROR","time":"2021-10-19T00:18:59.417+0800","caller":"handler/inventory.go:233","msg":"inventory.AutoBack tx.Get failed","error":"sql: no rows in result set"}
{"level":"ERROR","time":"2021-10-19T00:19:00.387+0800","caller":"handler/inventory.go:239","msg":"inventory.AutoBack mysql.DB.Exec failed","error":"Error 1205: Lock wait timeout exceeded; try restarting transaction"}
{"level":"ERROR","time":"2021-10-19T00:19:30.490+0800","caller":"handler/inventory.go:239","msg":"inventory.AutoBack mysql.DB.Exec failed","error":"Error 1205: Lock wait timeout exceeded; try restarting transaction"}
{"level":"ERROR","time":"2021-10-19T00:19:38.800+0800","caller":"handler/inventory.go:239","msg":"inventory.AutoBack mysql.DB.Exec failed","error":"Error 1205: Lock wait timeout exceeded; try restarting transaction"}
{"level":"ERROR","time":"2021-10-19T00:20:12.806+0800","caller":"handler/inventory.go:239","msg":"inventory.AutoBack mysql.DB.Exec failed","error":"Error 1205: Lock wait timeout exceeded; try restarting transaction"}
{"level":"ERROR","time":"2021-10-19T00:20:14.723+0800","caller":"handler/inventory.go:233","msg":"inventory.AutoBack tx.Get failed","error":"sql: no rows in result set"}
{"level":"ERROR","time":"2021-10-19T00:20:39.230+0800","caller":"handler/inventory.go:233","msg":"inventory.AutoBack tx.Get failed","error":"sql: no rows in result set"}
{"level":"ERROR","time":"2021-10-19T00:21:16.878+0800","caller":"handler/inventory.go:233","msg":"inventory.AutoBack tx.Get failed","error":"sql: no rows in result set"}
{"level":"ERROR","time":"2021-10-19T00:21:16.885+0800","caller":"handler/inventory.go:233","msg":"inventory.AutoBack tx.Get failed","error":"sql: no rows in result set"}
{"level":"ERROR","time":"2021-10-19T00:21:39.225+0800","caller":"handler/inventory.go:233","msg":"inventory.AutoBack tx.Get failed","error":"sql: no rows in result set"}
{"level":"ERROR","time":"2021-10-19T00:21:55.176+0800","caller":"handler/inventory.go:233","msg":"inventory.AutoBack tx.Get failed","error":"sql: no rows in result set"}
{"level":"INFO","time":"2021-10-19T00:22:06.949+0800","caller":"inventoryServer/main.go:109","msg":"注销成功"}
{"level":"ERROR","time":"2021-10-19T00:23:06.551+0800","caller":"handler/inventory.go:233","msg":"inventory.AutoBack tx.Get failed","error":"sql: no rows in result set"}
{"level":"ERROR","time":"2021-10-19T00:23:16.719+0800","caller":"handler/inventory.go:233","msg":"inventory.AutoBack tx.Get failed","error":"sql: no rows in result set"}
{"level":"ERROR","time":"2021-10-19T00:23:17.025+0800","caller":"handler/inventory.go:233","msg":"inventory.AutoBack tx.Get failed","error":"sql: no rows in result set"}
{"level":"ERROR","time":"2021-10-19T00:23:18.512+0800","caller":"handler/inventory.go:74","msg":"inventory handler Shell mysql.DB.Exec","error":"Error 1205: Lock wait timeout exceeded; try restarting transaction"}
{"level":"ERROR","time":"2021-10-19T00:23:19.123+0800","caller":"handler/inventory.go:233","msg":"inventory.AutoBack tx.Get failed","error":"sql: no rows in result set"}
{"level":"ERROR","time":"2021-10-19T00:23:21.515+0800","caller":"handler/inventory.go:239","msg":"inventory.AutoBack mysql.DB.Exec failed","error":"Error 1205: Lock wait timeout exceeded; try restarting transaction"}
{"level":"ERROR","time":"2021-10-19T00:23:29.513+0800","caller":"handler/inventory.go:239","msg":"inventory.AutoBack mysql.DB.Exec failed","error":"Error 1205: Lock wait timeout exceeded; try restarting transaction"}
{"level":"ERROR","time":"2021-10-19T00:23:32.513+0800","caller":"handler/inventory.go:239","msg":"inventory.AutoBack mysql.DB.Exec failed","error":"Error 1205: Lock wait timeout exceeded; try restarting transaction"}
{"level":"ERROR","time":"2021-10-19T00:23:51.515+0800","caller":"handler/inventory.go:239","msg":"inventory.AutoBack mysql.DB.Exec failed","error":"Error 1205: Lock wait timeout exceeded; try restarting transaction"}
{"level":"ERROR","time":"2021-10-19T00:24:17.133+0800","caller":"handler/inventory.go:233","msg":"inventory.AutoBack tx.Get failed","error":"sql: no rows in result set"}
{"level":"INFO","time":"2021-10-19T00:24:34.131+0800","caller":"inventoryServer/main.go:109","msg":"注销成功"}
{"level":"ERROR","time":"2021-10-19T00:24:59.468+0800","caller":"handler/inventory.go:233","msg":"inventory.AutoBack tx.Get failed","error":"sql: no rows in result set"}
{"level":"ERROR","time":"2021-10-19T00:25:20.111+0800","caller":"handler/inventory.go:233","msg":"inventory.AutoBack tx.Get failed","error":"sql: no rows in result set"}
{"level":"ERROR","time":"2021-10-19T00:25:20.158+0800","caller":"handler/inventory.go:233","msg":"inventory.AutoBack tx.Get failed","error":"sql: no rows in result set"}
{"level":"ERROR","time":"2021-10-19T00:25:20.200+0800","caller":"handler/inventory.go:233","msg":"inventory.AutoBack tx.Get failed","error":"sql: no rows in result set"}
{"level":"ERROR","time":"2021-10-19T00:25:36.171+0800","caller":"handler/inventory.go:233","msg":"inventory.AutoBack tx.Get failed","error":"sql: no rows in result set"}
{"level":"ERROR","time":"2021-10-19T00:25:36.237+0800","caller":"handler/inventory.go:233","msg":"inventory.AutoBack tx.Get failed","error":"sql: no rows in result set"}
{"level":"ERROR","time":"2021-10-19T00:25:36.291+0800","caller":"handler/inventory.go:233","msg":"inventory.AutoBack tx.Get failed","error":"sql: no rows in result set"}
{"level":"ERROR","time":"2021-10-19T00:26:14.824+0800","caller":"handler/inventory.go:233","msg":"inventory.AutoBack tx.Get failed","error":"sql: no rows in result set"}
{"level":"ERROR","time":"2021-10-19T00:26:39.337+0800","caller":"handler/inventory.go:233","msg":"inventory.AutoBack tx.Get failed","error":"sql: no rows in result set"}
{"level":"ERROR","time":"2021-10-19T00:26:39.585+0800","caller":"handler/inventory.go:233","msg":"inventory.AutoBack tx.Get failed","error":"sql: no rows in result set"}
{"level":"ERROR","time":"2021-10-19T00:27:21.643+0800","caller":"handler/inventory.go:233","msg":"inventory.AutoBack tx.Get failed","error":"sql: no rows in result set"}
{"level":"ERROR","time":"2021-10-19T00:27:29.602+0800","caller":"handler/inventory.go:233","msg":"inventory.AutoBack tx.Get failed","error":"sql: no rows in result set"}
{"level":"ERROR","time":"2021-10-19T00:27:55.227+0800","caller":"handler/inventory.go:233","msg":"inventory.AutoBack tx.Get failed","error":"sql: no rows in result set"}
{"level":"ERROR","time":"2021-10-19T00:28:32.608+0800","caller":"handler/inventory.go:233","msg":"inventory.AutoBack tx.Get failed","error":"sql: no rows in result set"}
{"level":"ERROR","time":"2021-10-19T00:28:39.314+0800","caller":"handler/inventory.go:233","msg":"inventory.AutoBack tx.Get failed","error":"sql: no rows in result set"}
{"level":"ERROR","time":"2021-10-19T00:28:51.607+0800","caller":"handler/inventory.go:233","msg":"inventory.AutoBack tx.Get failed","error":"sql: no rows in result set"}
{"level":"ERROR","time":"2021-10-19T00:29:06.657+0800","caller":"handler/inventory.go:233","msg":"inventory.AutoBack tx.Get failed","error":"sql: no rows in result set"}
{"level":"ERROR","time":"2021-10-19T00:29:16.844+0800","caller":"handler/inventory.go:233","msg":"inventory.AutoBack tx.Get failed","error":"sql: no rows in result set"}
{"level":"ERROR","time":"2021-10-19T00:29:16.971+0800","caller":"handler/inventory.go:233","msg":"inventory.AutoBack tx.Get failed","error":"sql: no rows in result set"}
{"level":"ERROR","time":"2021-10-19T00:29:16.992+0800","caller":"handler/inventory.go:233","msg":"inventory.AutoBack tx.Get failed","error":"sql: no rows in result set"}
{"level":"ERROR","time":"2021-10-19T00:29:19.245+0800","caller":"handler/inventory.go:233","msg":"inventory.AutoBack tx.Get failed","error":"sql: no rows in result set"}
{"level":"INFO","time":"2021-10-19T00:30:02.025+0800","caller":"inventoryServer/main.go:109","msg":"注销成功"}
{"level":"ERROR","time":"2021-10-19T00:30:17.068+0800","caller":"handler/inventory.go:235","msg":"inventory.AutoBack tx.Get failed","error":"sql: no rows in result set"}
{"level":"ERROR","time":"2021-10-19T00:31:17.183+0800","caller":"handler/inventory.go:235","msg":"inventory.AutoBack tx.Get failed","error":"sql: no rows in result set"}
{"level":"ERROR","time":"2021-10-19T00:31:59.509+0800","caller":"handler/inventory.go:235","msg":"inventory.AutoBack tx.Get failed","error":"sql: no rows in result set"}
{"level":"ERROR","time":"2021-10-19T00:32:21.698+0800","caller":"handler/inventory.go:235","msg":"inventory.AutoBack tx.Get failed","error":"sql: no rows in result set"}
{"level":"ERROR","time":"2021-10-19T00:32:29.643+0800","caller":"handler/inventory.go:235","msg":"inventory.AutoBack tx.Get failed","error":"sql: no rows in result set"}
{"level":"INFO","time":"2021-10-19T00:32:44.216+0800","caller":"inventoryServer/main.go:109","msg":"注销成功"}
{"level":"ERROR","time":"2021-10-19T08:52:22.942+0800","caller":"inventoryServer/main.go:99","msg":"Main  c.Start failed"}
{"level":"INFO","time":"2021-10-19T09:12:58.500+0800","caller":"inventoryServer/main.go:109","msg":"注销成功"}
{"level":"ERROR","time":"2021-10-19T09:13:05.311+0800","caller":"handler/inventory.go:235","msg":"inventory.AutoBack tx.Get failed","error":"sql: no rows in result set"}
{"level":"ERROR","time":"2021-10-19T09:13:25.203+0800","caller":"handler/inventory.go:235","msg":"inventory.AutoBack tx.Get failed","error":"sql: no rows in result set"}
{"level":"ERROR","time":"2021-10-19T09:13:35.264+0800","caller":"handler/inventory.go:235","msg":"inventory.AutoBack tx.Get failed","error":"sql: no rows in result set"}
{"level":"ERROR","time":"2021-10-19T09:13:35.288+0800","caller":"handler/inventory.go:235","msg":"inventory.AutoBack tx.Get failed","error":"sql: no rows in result set"}
{"level":"ERROR","time":"2021-10-19T09:13:35.310+0800","caller":"handler/inventory.go:235","msg":"inventory.AutoBack tx.Get failed","error":"sql: no rows in result set"}
{"level":"ERROR","time":"2021-10-19T09:13:35.372+0800","caller":"handler/inventory.go:235","msg":"inventory.AutoBack tx.Get failed","error":"sql: no rows in result set"}
{"level":"ERROR","time":"2021-10-19T09:13:35.393+0800","caller":"handler/inventory.go:235","msg":"inventory.AutoBack tx.Get failed","error":"sql: no rows in result set"}
{"level":"ERROR","time":"2021-10-19T09:14:05.341+0800","caller":"handler/inventory.go:235","msg":"inventory.AutoBack tx.Get failed","error":"sql: no rows in result set"}
{"level":"ERROR","time":"2021-10-19T09:14:05.350+0800","caller":"handler/inventory.go:235","msg":"inventory.AutoBack tx.Get failed","error":"sql: no rows in result set"}
{"level":"ERROR","time":"2021-10-19T09:14:05.377+0800","caller":"handler/inventory.go:235","msg":"inventory.AutoBack tx.Get failed","error":"sql: no rows in result set"}
{"level":"ERROR","time":"2021-10-19T09:14:05.433+0800","caller":"handler/inventory.go:235","msg":"inventory.AutoBack tx.Get failed","error":"sql: no rows in result set"}
{"level":"ERROR","time":"2021-10-19T09:14:05.464+0800","caller":"handler/inventory.go:235","msg":"inventory.AutoBack tx.Get failed","error":"sql: no rows in result set"}
{"level":"ERROR","time":"2021-10-19T09:15:05.400+0800","caller":"handler/inventory.go:235","msg":"inventory.AutoBack tx.Get failed","error":"sql: no rows in result set"}
{"level":"ERROR","time":"2021-10-19T09:15:05.428+0800","caller":"handler/inventory.go:235","msg":"inventory.AutoBack tx.Get failed","error":"sql: no rows in result set"}
{"level":"ERROR","time":"2021-10-19T09:15:05.444+0800","caller":"handler/inventory.go:235","msg":"inventory.AutoBack tx.Get failed","error":"sql: no rows in result set"}
{"level":"ERROR","time":"2021-10-19T09:15:05.507+0800","caller":"handler/inventory.go:235","msg":"inventory.AutoBack tx.Get failed","error":"sql: no rows in result set"}
{"level":"ERROR","time":"2021-10-19T09:15:05.528+0800","caller":"handler/inventory.go:235","msg":"inventory.AutoBack tx.Get failed","error":"sql: no rows in result set"}
{"level":"ERROR","time":"2021-10-19T09:17:05.468+0800","caller":"handler/inventory.go:235","msg":"inventory.AutoBack tx.Get failed","error":"sql: no rows in result set"}
{"level":"ERROR","time":"2021-10-19T09:17:05.487+0800","caller":"handler/inventory.go:235","msg":"inventory.AutoBack tx.Get failed","error":"sql: no rows in result set"}
{"level":"ERROR","time":"2021-10-19T09:17:05.515+0800","caller":"handler/inventory.go:235","msg":"inventory.AutoBack tx.Get failed","error":"sql: no rows in result set"}
{"level":"ERROR","time":"2021-10-19T09:17:05.568+0800","caller":"handler/inventory.go:235","msg":"inventory.AutoBack tx.Get failed","error":"sql: no rows in result set"}
{"level":"ERROR","time":"2021-10-19T09:17:05.597+0800","caller":"handler/inventory.go:235","msg":"inventory.AutoBack tx.Get failed","error":"sql: no rows in result set"}
{"level":"ERROR","time":"2021-10-19T09:20:05.514+0800","caller":"handler/inventory.go:235","msg":"inventory.AutoBack tx.Get failed","error":"sql: no rows in result set"}
{"level":"ERROR","time":"2021-10-19T09:20:05.546+0800","caller":"handler/inventory.go:235","msg":"inventory.AutoBack tx.Get failed","error":"sql: no rows in result set"}
{"level":"ERROR","time":"2021-10-19T09:20:05.549+0800","caller":"handler/inventory.go:235","msg":"inventory.AutoBack tx.Get failed","error":"sql: no rows in result set"}
{"level":"ERROR","time":"2021-10-19T09:20:05.586+0800","caller":"handler/inventory.go:235","msg":"inventory.AutoBack tx.Get failed","error":"sql: no rows in result set"}
{"level":"ERROR","time":"2021-10-19T09:20:05.628+0800","caller":"handler/inventory.go:235","msg":"inventory.AutoBack tx.Get failed","error":"sql: no rows in result set"}
{"level":"ERROR","time":"2021-10-19T09:20:05.657+0800","caller":"handler/inventory.go:235","msg":"inventory.AutoBack tx.Get failed","error":"sql: no rows in result set"}
{"level":"ERROR","time":"2021-10-19T09:20:05.703+0800","caller":"handler/inventory.go:235","msg":"inventory.AutoBack tx.Get failed","error":"sql: no rows in result set"}
{"level":"ERROR","time":"2021-10-19T09:20:05.725+0800","caller":"handler/inventory.go:235","msg":"inventory.AutoBack tx.Get failed","error":"sql: no rows in result set"}
{"level":"ERROR","time":"2021-10-19T09:21:05.372+0800","caller":"handler/inventory.go:235","msg":"inventory.AutoBack tx.Get failed","error":"sql: no rows in result set"}
{"level":"ERROR","time":"2021-10-19T09:21:05.491+0800","caller":"handler/inventory.go:235","msg":"inventory.AutoBack tx.Get failed","error":"sql: no rows in result set"}
{"level":"ERROR","time":"2021-10-19T09:21:05.559+0800","caller":"handler/inventory.go:235","msg":"inventory.AutoBack tx.Get failed","error":"sql: no rows in result set"}
{"level":"ERROR","time":"2021-10-19T09:21:05.573+0800","caller":"handler/inventory.go:235","msg":"inventory.AutoBack tx.Get failed","error":"sql: no rows in result set"}
{"level":"ERROR","time":"2021-10-19T09:21:05.585+0800","caller":"handler/inventory.go:235","msg":"inventory.AutoBack tx.Get failed","error":"sql: no rows in result set"}
{"level":"ERROR","time":"2021-10-19T09:21:05.605+0800","caller":"handler/inventory.go:235","msg":"inventory.AutoBack tx.Get failed","error":"sql: no rows in result set"}
{"level":"ERROR","time":"2021-10-19T09:22:05.392+0800","caller":"handler/inventory.go:235","msg":"inventory.AutoBack tx.Get failed","error":"sql: no rows in result set"}
{"level":"ERROR","time":"2021-10-19T09:22:05.409+0800","caller":"handler/inventory.go:235","msg":"inventory.AutoBack tx.Get failed","error":"sql: no rows in result set"}
{"level":"ERROR","time":"2021-10-19T09:22:05.417+0800","caller":"handler/inventory.go:235","msg":"inventory.AutoBack tx.Get failed","error":"sql: no rows in result set"}
{"level":"ERROR","time":"2021-10-19T09:22:05.434+0800","caller":"handler/inventory.go:235","msg":"inventory.AutoBack tx.Get failed","error":"sql: no rows in result set"}
{"level":"ERROR","time":"2021-10-19T09:22:05.463+0800","caller":"handler/inventory.go:235","msg":"inventory.AutoBack tx.Get failed","error":"sql: no rows in result set"}
{"level":"ERROR","time":"2021-10-19T09:22:05.485+0800","caller":"handler/inventory.go:235","msg":"inventory.AutoBack tx.Get failed","error":"sql: no rows in result set"}
{"level":"ERROR","time":"2021-10-19T09:22:05.620+0800","caller":"handler/inventory.go:235","msg":"inventory.AutoBack tx.Get failed","error":"sql: no rows in result set"}
{"level":"ERROR","time":"2021-10-19T09:22:05.673+0800","caller":"handler/inventory.go:235","msg":"inventory.AutoBack tx.Get failed","error":"sql: no rows in result set"}
{"level":"ERROR","time":"2021-10-19T09:22:05.742+0800","caller":"handler/inventory.go:235","msg":"inventory.AutoBack tx.Get failed","error":"sql: no rows in result set"}
{"level":"ERROR","time":"2021-10-19T09:22:05.761+0800","caller":"handler/inventory.go:235","msg":"inventory.AutoBack tx.Get failed","error":"sql: no rows in result set"}
{"level":"ERROR","time":"2021-10-19T09:23:05.637+0800","caller":"handler/inventory.go:235","msg":"inventory.AutoBack tx.Get failed","error":"sql: no rows in result set"}
{"level":"ERROR","time":"2021-10-19T09:23:05.654+0800","caller":"handler/inventory.go:235","msg":"inventory.AutoBack tx.Get failed","error":"sql: no rows in result set"}
{"level":"ERROR","time":"2021-10-19T09:24:05.620+0800","caller":"handler/inventory.go:235","msg":"inventory.AutoBack tx.Get failed","error":"sql: no rows in result set"}
{"level":"ERROR","time":"2021-10-19T09:24:05.633+0800","caller":"handler/inventory.go:235","msg":"inventory.AutoBack tx.Get failed","error":"sql: no rows in result set"}
{"level":"ERROR","time":"2021-10-19T09:24:05.646+0800","caller":"handler/inventory.go:235","msg":"inventory.AutoBack tx.Get failed","error":"sql: no rows in result set"}
{"level":"ERROR","time":"2021-10-19T09:24:05.685+0800","caller":"handler/inventory.go:235","msg":"inventory.AutoBack tx.Get failed","error":"sql: no rows in result set"}
{"level":"ERROR","time":"2021-10-19T09:24:05.724+0800","caller":"handler/inventory.go:235","msg":"inventory.AutoBack tx.Get failed","error":"sql: no rows in result set"}
{"level":"ERROR","time":"2021-10-19T09:28:05.601+0800","caller":"handler/inventory.go:235","msg":"inventory.AutoBack tx.Get failed","error":"sql: no rows in result set"}
{"level":"ERROR","time":"2021-10-19T09:28:05.619+0800","caller":"handler/inventory.go:235","msg":"inventory.AutoBack tx.Get failed","error":"sql: no rows in result set"}
{"level":"ERROR","time":"2021-10-19T09:28:05.760+0800","caller":"handler/inventory.go:235","msg":"inventory.AutoBack tx.Get failed","error":"sql: no rows in result set"}
{"level":"ERROR","time":"2021-10-19T09:28:05.801+0800","caller":"handler/inventory.go:235","msg":"inventory.AutoBack tx.Get failed","error":"sql: no rows in result set"}
{"level":"ERROR","time":"2021-10-19T09:29:05.690+0800","caller":"handler/inventory.go:235","msg":"inventory.AutoBack tx.Get failed","error":"sql: no rows in result set"}
{"level":"ERROR","time":"2021-10-19T09:29:05.697+0800","caller":"handler/inventory.go:235","msg":"inventory.AutoBack tx.Get failed","error":"sql: no rows in result set"}
{"level":"ERROR","time":"2021-10-19T09:29:05.714+0800","caller":"handler/inventory.go:235","msg":"inventory.AutoBack tx.Get failed","error":"sql: no rows in result set"}
{"level":"ERROR","time":"2021-10-19T09:29:05.752+0800","caller":"handler/inventory.go:235","msg":"inventory.AutoBack tx.Get failed","error":"sql: no rows in result set"}
{"level":"ERROR","time":"2021-10-19T09:29:05.794+0800","caller":"handler/inventory.go:235","msg":"inventory.AutoBack tx.Get failed","error":"sql: no rows in result set"}
{"level":"ERROR","time":"2021-10-19T09:30:05.431+0800","caller":"handler/inventory.go:235","msg":"inventory.AutoBack tx.Get failed","error":"sql: no rows in result set"}
{"level":"ERROR","time":"2021-10-19T09:30:05.546+0800","caller":"handler/inventory.go:235","msg":"inventory.AutoBack tx.Get failed","error":"sql: no rows in result set"}
{"level":"ERROR","time":"2021-10-19T09:30:05.633+0800","caller":"handler/inventory.go:235","msg":"inventory.AutoBack tx.Get failed","error":"sql: no rows in result set"}
{"level":"ERROR","time":"2021-10-19T09:30:05.645+0800","caller":"handler/inventory.go:235","msg":"inventory.AutoBack tx.Get failed","error":"sql: no rows in result set"}
{"level":"ERROR","time":"2021-10-19T09:30:05.659+0800","caller":"handler/inventory.go:235","msg":"inventory.AutoBack tx.Get failed","error":"sql: no rows in result set"}
{"level":"ERROR","time":"2021-10-19T09:30:05.670+0800","caller":"handler/inventory.go:235","msg":"inventory.AutoBack tx.Get failed","error":"sql: no rows in result set"}
{"level":"ERROR","time":"2021-10-19T09:32:05.461+0800","caller":"handler/inventory.go:235","msg":"inventory.AutoBack tx.Get failed","error":"sql: no rows in result set"}
{"level":"ERROR","time":"2021-10-19T09:32:05.483+0800","caller":"handler/inventory.go:235","msg":"inventory.AutoBack tx.Get failed","error":"sql: no rows in result set"}
{"level":"ERROR","time":"2021-10-19T09:32:05.488+0800","caller":"handler/inventory.go:235","msg":"inventory.AutoBack tx.Get failed","error":"sql: no rows in result set"}
{"level":"ERROR","time":"2021-10-19T09:32:05.505+0800","caller":"handler/inventory.go:235","msg":"inventory.AutoBack tx.Get failed","error":"sql: no rows in result set"}
{"level":"ERROR","time":"2021-10-19T09:32:05.531+0800","caller":"handler/inventory.go:235","msg":"inventory.AutoBack tx.Get failed","error":"sql: no rows in result set"}
{"level":"ERROR","time":"2021-10-19T09:32:05.545+0800","caller":"handler/inventory.go:235","msg":"inventory.AutoBack tx.Get failed","error":"sql: no rows in result set"}
{"level":"ERROR","time":"2021-10-19T09:32:05.680+0800","caller":"handler/inventory.go:235","msg":"inventory.AutoBack tx.Get failed","error":"sql: no rows in result set"}
{"level":"ERROR","time":"2021-10-19T09:32:05.728+0800","caller":"handler/inventory.go:235","msg":"inventory.AutoBack tx.Get failed","error":"sql: no rows in result set"}
{"level":"ERROR","time":"2021-10-19T09:32:05.809+0800","caller":"handler/inventory.go:235","msg":"inventory.AutoBack tx.Get failed","error":"sql: no rows in result set"}
{"level":"ERROR","time":"2021-10-19T09:32:05.817+0800","caller":"handler/inventory.go:235","msg":"inventory.AutoBack tx.Get failed","error":"sql: no rows in result set"}
{"level":"ERROR","time":"2021-10-19T09:35:05.756+0800","caller":"handler/inventory.go:235","msg":"inventory.AutoBack tx.Get failed","error":"sql: no rows in result set"}
{"level":"ERROR","time":"2021-10-19T09:35:05.800+0800","caller":"handler/inventory.go:235","msg":"inventory.AutoBack tx.Get failed","error":"sql: no rows in result set"}
{"level":"ERROR","time":"2021-10-19T09:35:05.806+0800","caller":"handler/inventory.go:235","msg":"inventory.AutoBack tx.Get failed","error":"sql: no rows in result set"}
{"level":"ERROR","time":"2021-10-19T09:35:05.856+0800","caller":"handler/inventory.go:235","msg":"inventory.AutoBack tx.Get failed","error":"sql: no rows in result set"}
{"level":"ERROR","time":"2021-10-19T09:35:05.860+0800","caller":"handler/inventory.go:235","msg":"inventory.AutoBack tx.Get failed","error":"sql: no rows in result set"}
{"level":"ERROR","time":"2021-10-19T09:37:05.667+0800","caller":"handler/inventory.go:235","msg":"inventory.AutoBack tx.Get failed","error":"sql: no rows in result set"}
{"level":"ERROR","time":"2021-10-19T09:37:05.688+0800","caller":"handler/inventory.go:235","msg":"inventory.AutoBack tx.Get failed","error":"sql: no rows in result set"}
{"level":"ERROR","time":"2021-10-19T09:37:05.814+0800","caller":"handler/inventory.go:235","msg":"inventory.AutoBack tx.Get failed","error":"sql: no rows in result set"}
{"level":"ERROR","time":"2021-10-19T09:37:05.867+0800","caller":"handler/inventory.go:235","msg":"inventory.AutoBack tx.Get failed","error":"sql: no rows in result set"}
{"level":"ERROR","time":"2021-10-19T09:40:05.498+0800","caller":"handler/inventory.go:235","msg":"inventory.AutoBack tx.Get failed","error":"sql: no rows in result set"}
{"level":"ERROR","time":"2021-10-19T09:40:05.612+0800","caller":"handler/inventory.go:235","msg":"inventory.AutoBack tx.Get failed","error":"sql: no rows in result set"}
{"level":"ERROR","time":"2021-10-19T09:40:05.698+0800","caller":"handler/inventory.go:235","msg":"inventory.AutoBack tx.Get failed","error":"sql: no rows in result set"}
{"level":"ERROR","time":"2021-10-19T09:40:05.722+0800","caller":"handler/inventory.go:235","msg":"inventory.AutoBack tx.Get failed","error":"sql: no rows in result set"}
{"level":"ERROR","time":"2021-10-19T09:40:05.736+0800","caller":"handler/inventory.go:235","msg":"inventory.AutoBack tx.Get failed","error":"sql: no rows in result set"}
{"level":"ERROR","time":"2021-10-19T09:42:05.820+0800","caller":"handler/inventory.go:235","msg":"inventory.AutoBack tx.Get failed","error":"sql: no rows in result set"}
{"level":"ERROR","time":"2021-10-19T09:42:05.860+0800","caller":"handler/inventory.go:235","msg":"inventory.AutoBack tx.Get failed","error":"sql: no rows in result set"}
{"level":"ERROR","time":"2021-10-19T09:42:05.884+0800","caller":"handler/inventory.go:235","msg":"inventory.AutoBack tx.Get failed","error":"sql: no rows in result set"}
{"level":"ERROR","time":"2021-10-19T09:42:05.927+0800","caller":"handler/inventory.go:235","msg":"inventory.AutoBack tx.Get failed","error":"sql: no rows in result set"}
{"level":"ERROR","time":"2021-10-19T09:42:05.934+0800","caller":"handler/inventory.go:235","msg":"inventory.AutoBack tx.Get failed","error":"sql: no rows in result set"}
{"level":"ERROR","time":"2021-10-19T09:43:05.692+0800","caller":"handler/inventory.go:235","msg":"inventory.AutoBack tx.Get failed","error":"sql: no rows in result set"}
{"level":"ERROR","time":"2021-10-19T09:43:05.715+0800","caller":"handler/inventory.go:235","msg":"inventory.AutoBack tx.Get failed","error":"sql: no rows in result set"}
{"level":"ERROR","time":"2021-10-19T09:47:05.737+0800","caller":"handler/inventory.go:235","msg":"inventory.AutoBack tx.Get failed","error":"sql: no rows in result set"}
{"level":"ERROR","time":"2021-10-19T09:47:05.744+0800","caller":"handler/inventory.go:235","msg":"inventory.AutoBack tx.Get failed","error":"sql: no rows in result set"}
{"level":"ERROR","time":"2021-10-19T09:47:05.864+0800","caller":"handler/inventory.go:235","msg":"inventory.AutoBack tx.Get failed","error":"sql: no rows in result set"}
{"level":"ERROR","time":"2021-10-19T09:47:05.931+0800","caller":"handler/inventory.go:235","msg":"inventory.AutoBack tx.Get failed","error":"sql: no rows in result set"}
{"level":"INFO","time":"2021-10-19T09:47:59.200+0800","caller":"inventoryServer/main.go:109","msg":"注销成功"}
{"level":"INFO","time":"2021-10-19T11:01:10.946+0800","caller":"inventoryServer/main.go:111","msg":"注销成功"}
{"level":"ERROR","time":"2021-10-19T11:01:18.028+0800","caller":"handler/inventory.go:214","msg":"inventory.AutoBack tx.Get failed"}
{"level":"INFO","time":"2021-10-19T11:02:42.596+0800","caller":"inventoryServer/main.go:111","msg":"注销成功"}
{"level":"ERROR","time":"2021-10-19T11:02:49.192+0800","caller":"handler/inventory.go:213","msg":"inventory.AutoBack tx.Get failed"}
{"level":"ERROR","time":"2021-10-19T11:02:49.301+0800","caller":"handler/inventory.go:213","msg":"inventory.AutoBack tx.Get failed"}
{"level":"INFO","time":"2021-10-19T11:06:12.142+0800","caller":"inventoryServer/main.go:111","msg":"注销成功"}
{"level":"ERROR","time":"2021-10-19T11:06:17.219+0800","caller":"inventoryServer/main.go:99","msg":"Main  c.Start failed"}
{"level":"INFO","time":"2021-10-19T11:06:20.529+0800","caller":"inventoryServer/main.go:111","msg":"注销成功"}
{"level":"ERROR","time":"2021-10-19T11:06:21.477+0800","caller":"inventoryServer/main.go:99","msg":"Main  c.Start failed"}
{"level":"INFO","time":"2021-10-19T11:33:29.457+0800","caller":"inventoryServer/main.go:111","msg":"注销成功"}
{"level":"INFO","time":"2021-10-19T11:48:56.138+0800","caller":"inventoryServer/main.go:111","msg":"注销成功"}
{"level":"INFO","time":"2021-10-19T11:54:49.268+0800","caller":"inventoryServer/main.go:111","msg":"注销成功"}
{"level":"INFO","time":"2021-10-19T11:59:50.355+0800","caller":"inventoryServer/main.go:111","msg":"注销成功"}
{"level":"ERROR","time":"2021-10-19T11:59:56.269+0800","caller":"inventoryServer/main.go:99","msg":"Main  c.Start failed"}
{"level":"INFO","time":"2021-10-19T12:00:40.514+0800","caller":"inventoryServer/main.go:111","msg":"注销成功"}
{"level":"INFO","time":"2021-10-19T12:02:33.736+0800","caller":"inventoryServer/main.go:111","msg":"注销成功"}
{"level":"ERROR","time":"2021-10-19T12:02:59.744+0800","caller":"handler/inventory.go:214","msg":"inventory.AutoBack tx.Get failed"}
{"level":"INFO","time":"2021-10-19T12:08:19.950+0800","caller":"inventoryServer/main.go:111","msg":"注销成功"}
{"level":"INFO","time":"2021-10-19T12:13:03.107+0800","caller":"inventoryServer/main.go:111","msg":"注销成功"}
{"level":"INFO","time":"2021-10-19T12:15:12.886+0800","caller":"inventoryServer/main.go:111","msg":"注销成功"}
{"level":"ERROR","time":"2021-10-19T12:15:40.781+0800","caller":"handler/inventory.go:233","msg":"inventory.AutoBack mysql.DB.Exec failed"}
{"level":"ERROR","time":"2021-10-19T12:15:50.879+0800","caller":"handler/inventory.go:233","msg":"inventory.AutoBack mysql.DB.Exec failed"}
{"level":"ERROR","time":"2021-10-19T12:16:20.968+0800","caller":"handler/inventory.go:233","msg":"inventory.AutoBack mysql.DB.Exec failed"}
{"level":"INFO","time":"2021-10-19T12:16:55.967+0800","caller":"inventoryServer/main.go:111","msg":"注销成功"}
{"level":"INFO","time":"2021-10-19T12:18:50.666+0800","caller":"inventoryServer/main.go:111","msg":"注销成功"}
{"level":"INFO","time":"2021-10-19T12:20:24.312+0800","caller":"inventoryServer/main.go:111","msg":"注销成功"}
{"level":"INFO","time":"2021-10-19T12:22:57.717+0800","caller":"inventoryServer/main.go:111","msg":"注销成功"}
{"level":"INFO","time":"2021-10-19T15:53:06.179+0800","caller":"inventoryServer/main.go:111","msg":"注销成功"}
{"level":"ERROR","time":"2021-10-19T16:17:58.513+0800","caller":"handler/inventory.go:213","msg":"inventory tx.Rollback failed","error":"invalid connection"}
{"level":"ERROR","time":"2021-10-19T16:17:58.513+0800","caller":"handler/inventory.go:215","msg":"inventory.AutoBack tx.Get failed","error":"invalid connection"}
{"level":"ERROR","time":"2021-10-19T16:19:07.080+0800","caller":"handler/inventory.go:215","msg":"inventory.AutoBack tx.Get failed"}
{"level":"ERROR","time":"2021-10-19T16:19:07.080+0800","caller":"handler/inventory.go:215","msg":"inventory.AutoBack tx.Get failed"}
{"level":"INFO","time":"2021-10-19T16:19:16.501+0800","caller":"inventoryServer/main.go:108","msg":"注销成功"}
{"level":"ERROR","time":"2021-10-19T16:22:31.941+0800","caller":"handler/inventory.go:215","msg":"inventory.AutoBack tx.Get failed"}
{"level":"INFO","time":"2021-10-19T17:12:17.189+0800","caller":"inventoryServer/main.go:108","msg":"注销成功"}
{"level":"ERROR","time":"2021-10-19T17:21:42.513+0800","caller":"inventoryServer/main.go:46","msg":"Main mysql.Init failed"}
{"level":"INFO","time":"2021-10-20T01:05:47.588+0800","caller":"inventoryServer/main.go:108","msg":"注销成功"}
{"level":"INFO","time":"2021-10-20T11:57:12.073+0800","caller":"inventoryServer/main.go:108","msg":"注销成功"}
{"level":"INFO","time":"2021-10-20T23:39:01.588+0800","caller":"inventoryServer/main.go:108","msg":"注销成功"}
{"level":"INFO","time":"2021-10-21T23:31:50.609+0800","caller":"inventoryServer/main.go:108","msg":"注销成功"}
{"level":"INFO","time":"2021-10-22T21:01:38.144+0800","caller":"inventoryServer/main.go:108","msg":"注销成功"}
{"level":"ERROR","time":"2021-10-22T21:11:55.289+0800","caller":"inventoryServer/main.go:99","msg":"Main  c.Start failed"}
{"level":"INFO","time":"2021-10-23T00:57:31.914+0800","caller":"inventoryServer/main.go:108","msg":"注销成功"}
{"level":"ERROR","time":"2021-10-24T18:27:44.720+0800","caller":"inventoryServer/main.go:99","msg":"Main  c.Start failed"}
{"level":"INFO","time":"2021-10-24T18:58:46.658+0800","caller":"inventoryServer/main.go:108","msg":"注销成功"}
{"level":"ERROR","time":"2021-10-24T18:59:05.077+0800","caller":"inventoryServer/main.go:99","msg":"Main  c.Start failed"}
{"level":"INFO","time":"2021-10-24T19:08:51.477+0800","caller":"inventoryServer/main.go:108","msg":"注销成功"}
{"level":"ERROR","time":"2021-10-24T19:10:13.600+0800","caller":"inventoryServer/main.go:99","msg":"Main  c.Start failed"}
{"level":"INFO","time":"2021-10-24T19:22:36.978+0800","caller":"inventoryServer/main.go:108","msg":"注销成功"}
{"level":"ERROR","time":"2021-10-24T19:22:47.452+0800","caller":"inventoryServer/main.go:99","msg":"Main  c.Start failed"}
{"level":"INFO","time":"2021-10-24T19:26:50.889+0800","caller":"inventoryServer/main.go:108","msg":"注销成功"}
{"level":"ERROR","time":"2021-10-24T19:26:57.478+0800","caller":"inventoryServer/main.go:99","msg":"Main  c.Start failed"}
{"level":"INFO","time":"2021-10-24T19:29:28.058+0800","caller":"inventoryServer/main.go:108","msg":"注销成功"}
{"level":"INFO","time":"2021-10-24T20:18:26.609+0800","caller":"inventoryServer/main.go:108","msg":"注销成功"}
{"level":"INFO","time":"2021-10-24T20:20:09.593+0800","caller":"inventoryServer/main.go:108","msg":"注销成功"}
{"level":"INFO","time":"2021-10-24T20:26:38.892+0800","caller":"inventoryServer/main.go:108","msg":"注销成功"}
